{
  "C:\\Users\\Myself\\Documents\\GitHub\\binnacle-api-react\\src\\pages\\vacation\\DatePicker\\DatePicker.tsx": {
    "path": "C:\\Users\\Myself\\Documents\\GitHub\\binnacle-api-react\\src\\pages\\vacation\\DatePicker\\DatePicker.tsx",
    "statementMap": {
      "0": {
        "start": {
          "line": 20,
          "column": 21
        },
        "end": {
          "line": 24,
          "column": 1
        }
      },
      "1": {
        "start": {
          "line": 27,
          "column": 2
        },
        "end": {
          "line": 34,
          "column": 3
        }
      },
      "2": {
        "start": {
          "line": 29,
          "column": 6
        },
        "end": {
          "line": 29,
          "column": 27
        }
      },
      "3": {
        "start": {
          "line": 31,
          "column": 6
        },
        "end": {
          "line": 31,
          "column": 27
        }
      },
      "4": {
        "start": {
          "line": 33,
          "column": 6
        },
        "end": {
          "line": 33,
          "column": 23
        }
      },
      "5": {
        "start": {
          "line": 45,
          "column": 28
        },
        "end": {
          "line": 48,
          "column": 4
        }
      },
      "6": {
        "start": {
          "line": 50,
          "column": 38
        },
        "end": {
          "line": 50,
          "column": 53
        }
      },
      "7": {
        "start": {
          "line": 51,
          "column": 21
        },
        "end": {
          "line": 58,
          "column": 4
        }
      },
      "8": {
        "start": {
          "line": 61,
          "column": 4
        },
        "end": {
          "line": 76,
          "column": 5
        }
      },
      "9": {
        "start": {
          "line": 62,
          "column": 6
        },
        "end": {
          "line": 65,
          "column": 8
        }
      },
      "10": {
        "start": {
          "line": 66,
          "column": 27
        },
        "end": {
          "line": 66,
          "column": 39
        }
      },
      "11": {
        "start": {
          "line": 67,
          "column": 6
        },
        "end": {
          "line": 71,
          "column": 7
        }
      },
      "12": {
        "start": {
          "line": 73,
          "column": 6
        },
        "end": {
          "line": 73,
          "column": 15
        }
      },
      "13": {
        "start": {
          "line": 75,
          "column": 6
        },
        "end": {
          "line": 75,
          "column": 53
        }
      },
      "14": {
        "start": {
          "line": 79,
          "column": 22
        },
        "end": {
          "line": 79,
          "column": 74
        }
      },
      "15": {
        "start": {
          "line": 81,
          "column": 2
        },
        "end": {
          "line": 142,
          "column": 3
        }
      },
      "16": {
        "start": {
          "line": 115,
          "column": 12
        },
        "end": {
          "line": 137,
          "column": 20
        }
      },
      "17": {
        "start": {
          "line": 122,
          "column": 16
        },
        "end": {
          "line": 135,
          "column": 17
        }
      },
      "18": {
        "start": {
          "line": 125,
          "column": 22
        },
        "end": {
          "line": 132,
          "column": 24
        }
      }
    },
    "fnMap": {
      "0": {
        "name": "reducer",
        "decl": {
          "start": {
            "line": 26,
            "column": 9
          },
          "end": {
            "line": 26,
            "column": 16
          }
        },
        "loc": {
          "start": {
            "line": 26,
            "column": 57
          },
          "end": {
            "line": 35,
            "column": 1
          }
        },
        "line": 26
      },
      "1": {
        "name": "DatePicker",
        "decl": {
          "start": {
            "line": 44,
            "column": 16
          },
          "end": {
            "line": 44,
            "column": 26
          }
        },
        "loc": {
          "start": {
            "line": 44,
            "column": 41
          },
          "end": {
            "line": 143,
            "column": 1
          }
        },
        "line": 44
      },
      "2": {
        "name": "handleDatesChange",
        "decl": {
          "start": {
            "line": 60,
            "column": 11
          },
          "end": {
            "line": 60,
            "column": 28
          }
        },
        "loc": {
          "start": {
            "line": 60,
            "column": 55
          },
          "end": {
            "line": 77,
            "column": 3
          }
        },
        "line": 60
      },
      "3": {
        "name": "(anonymous_3)",
        "decl": {
          "start": {
            "line": 114,
            "column": 39
          },
          "end": {
            "line": 114,
            "column": 40
          }
        },
        "loc": {
          "start": {
            "line": 115,
            "column": 12
          },
          "end": {
            "line": 137,
            "column": 20
          }
        },
        "line": 115
      },
      "4": {
        "name": "(anonymous_4)",
        "decl": {
          "start": {
            "line": 121,
            "column": 15
          },
          "end": {
            "line": 121,
            "column": 16
          }
        },
        "loc": {
          "start": {
            "line": 121,
            "column": 25
          },
          "end": {
            "line": 136,
            "column": 15
          }
        },
        "line": 121
      },
      "5": {
        "name": "(anonymous_5)",
        "decl": {
          "start": {
            "line": 124,
            "column": 30
          },
          "end": {
            "line": 124,
            "column": 31
          }
        },
        "loc": {
          "start": {
            "line": 125,
            "column": 22
          },
          "end": {
            "line": 132,
            "column": 24
          }
        },
        "line": 125
      }
    },
    "branchMap": {
      "0": {
        "loc": {
          "start": {
            "line": 27,
            "column": 2
          },
          "end": {
            "line": 34,
            "column": 3
          }
        },
        "type": "switch",
        "locations": [
          {
            "start": {
              "line": 28,
              "column": 4
            },
            "end": {
              "line": 29,
              "column": 27
            }
          },
          {
            "start": {
              "line": 30,
              "column": 4
            },
            "end": {
              "line": 31,
              "column": 27
            }
          },
          {
            "start": {
              "line": 32,
              "column": 4
            },
            "end": {
              "line": 33,
              "column": 23
            }
          }
        ],
        "line": 27
      },
      "1": {
        "loc": {
          "start": {
            "line": 47,
            "column": 8
          },
          "end": {
            "line": 47,
            "column": 39
          }
        },
        "type": "binary-expr",
        "locations": [
          {
            "start": {
              "line": 47,
              "column": 8
            },
            "end": {
              "line": 47,
              "column": 33
            }
          },
          {
            "start": {
              "line": 47,
              "column": 37
            },
            "end": {
              "line": 47,
              "column": 39
            }
          }
        ],
        "line": 47
      },
      "2": {
        "loc": {
          "start": {
            "line": 61,
            "column": 4
          },
          "end": {
            "line": 76,
            "column": 5
          }
        },
        "type": "if",
        "locations": [
          {
            "start": {
              "line": 61,
              "column": 4
            },
            "end": {
              "line": 76,
              "column": 5
            }
          },
          {
            "start": {
              "line": 61,
              "column": 4
            },
            "end": {
              "line": 76,
              "column": 5
            }
          }
        ],
        "line": 61
      },
      "3": {
        "loc": {
          "start": {
            "line": 79,
            "column": 22
          },
          "end": {
            "line": 79,
            "column": 74
          }
        },
        "type": "binary-expr",
        "locations": [
          {
            "start": {
              "line": 79,
              "column": 22
            },
            "end": {
              "line": 79,
              "column": 53
            }
          },
          {
            "start": {
              "line": 79,
              "column": 57
            },
            "end": {
              "line": 79,
              "column": 74
            }
          }
        ],
        "line": 79
      },
      "4": {
        "loc": {
          "start": {
            "line": 126,
            "column": 29
          },
          "end": {
            "line": 126,
            "column": 50
          }
        },
        "type": "binary-expr",
        "locations": [
          {
            "start": {
              "line": 126,
              "column": 29
            },
            "end": {
              "line": 126,
              "column": 41
            }
          },
          {
            "start": {
              "line": 126,
              "column": 45
            },
            "end": {
              "line": 126,
              "column": 50
            }
          }
        ],
        "line": 126
      }
    },
    "s": {
      "0": 33,
      "1": 86,
      "2": 43,
      "3": 43,
      "4": 0,
      "5": 681,
      "6": 681,
      "7": 681,
      "8": 86,
      "9": 43,
      "10": 43,
      "11": 43,
      "12": 43,
      "13": 43,
      "14": 681,
      "15": 681,
      "16": 681,
      "17": 681,
      "18": 22899
    },
    "f": {
      "0": 86,
      "1": 681,
      "2": 86,
      "3": 681,
      "4": 681,
      "5": 22899
    },
    "b": {
      "0": [
        43,
        43,
        0
      ],
      "1": [
        681,
        618
      ],
      "2": [
        43,
        43
      ],
      "3": [
        681,
        0
      ],
      "4": [
        22899,
        2181
      ]
    },
    "_coverageSchema": "43e27e138ebf9cfc5966b082cf9a028302ed4184",
    "hash": "720e706f44442ca9cfc8fbb0126925ec819f69e6"
  },
  "C:\\Users\\Myself\\Documents\\GitHub\\binnacle-api-react\\src\\pages\\vacation\\DatePicker\\Month.tsx": {
    "path": "C:\\Users\\Myself\\Documents\\GitHub\\binnacle-api-react\\src\\pages\\vacation\\DatePicker\\Month.tsx",
    "statementMap": {
      "0": {
        "start": {
          "line": 16,
          "column": 34
        },
        "end": {
          "line": 16,
          "column": 56
        }
      },
      "1": {
        "start": {
          "line": 18,
          "column": 2
        },
        "end": {
          "line": 38,
          "column": 3
        }
      },
      "2": {
        "start": {
          "line": 24,
          "column": 10
        },
        "end": {
          "line": 29,
          "column": 17
        }
      }
    },
    "fnMap": {
      "0": {
        "name": "Month",
        "decl": {
          "start": {
            "line": 15,
            "column": 16
          },
          "end": {
            "line": 15,
            "column": 21
          }
        },
        "loc": {
          "start": {
            "line": 15,
            "column": 53
          },
          "end": {
            "line": 39,
            "column": 1
          }
        },
        "line": 15
      },
      "1": {
        "name": "(anonymous_1)",
        "decl": {
          "start": {
            "line": 23,
            "column": 27
          },
          "end": {
            "line": 23,
            "column": 28
          }
        },
        "loc": {
          "start": {
            "line": 24,
            "column": 10
          },
          "end": {
            "line": 29,
            "column": 17
          }
        },
        "line": 24
      }
    },
    "branchMap": {},
    "s": {
      "0": 681,
      "1": 681,
      "2": 4767
    },
    "f": {
      "0": 681,
      "1": 4767
    },
    "b": {},
    "_coverageSchema": "43e27e138ebf9cfc5966b082cf9a028302ed4184",
    "hash": "a7826d06eb54f8b7ceff3a35d215e0c44464c95a"
  },
  "C:\\Users\\Myself\\Documents\\GitHub\\binnacle-api-react\\src\\pages\\vacation\\DatePicker\\Day.tsx": {
    "path": "C:\\Users\\Myself\\Documents\\GitHub\\binnacle-api-react\\src\\pages\\vacation\\DatePicker\\Day.tsx",
    "statementMap": {
      "0": {
        "start": {
          "line": 8,
          "column": 28
        },
        "end": {
          "line": 19,
          "column": 1
        }
      },
      "1": {
        "start": {
          "line": 40,
          "column": 17
        },
        "end": {
          "line": 40,
          "column": 29
        }
      },
      "2": {
        "start": {
          "line": 50,
          "column": 6
        },
        "end": {
          "line": 53,
          "column": 4
        }
      },
      "3": {
        "start": {
          "line": 55,
          "column": 2
        },
        "end": {
          "line": 57,
          "column": 3
        }
      },
      "4": {
        "start": {
          "line": 56,
          "column": 4
        },
        "end": {
          "line": 56,
          "column": 18
        }
      },
      "5": {
        "start": {
          "line": 59,
          "column": 14
        },
        "end": {
          "line": 59,
          "column": 48
        }
      },
      "6": {
        "start": {
          "line": 61,
          "column": 19
        },
        "end": {
          "line": 75,
          "column": 3
        }
      },
      "7": {
        "start": {
          "line": 62,
          "column": 25
        },
        "end": {
          "line": 62,
          "column": 84
        }
      },
      "8": {
        "start": {
          "line": 63,
          "column": 26
        },
        "end": {
          "line": 66,
          "column": 5
        }
      },
      "9": {
        "start": {
          "line": 68,
          "column": 4
        },
        "end": {
          "line": 74,
          "column": 5
        }
      },
      "10": {
        "start": {
          "line": 69,
          "column": 6
        },
        "end": {
          "line": 69,
          "column": 22
        }
      },
      "11": {
        "start": {
          "line": 70,
          "column": 11
        },
        "end": {
          "line": 74,
          "column": 5
        }
      },
      "12": {
        "start": {
          "line": 71,
          "column": 6
        },
        "end": {
          "line": 71,
          "column": 22
        }
      },
      "13": {
        "start": {
          "line": 73,
          "column": 6
        },
        "end": {
          "line": 73,
          "column": 22
        }
      },
      "14": {
        "start": {
          "line": 77,
          "column": 21
        },
        "end": {
          "line": 83,
          "column": 3
        }
      },
      "15": {
        "start": {
          "line": 78,
          "column": 4
        },
        "end": {
          "line": 82,
          "column": 5
        }
      },
      "16": {
        "start": {
          "line": 79,
          "column": 6
        },
        "end": {
          "line": 79,
          "column": 36
        }
      },
      "17": {
        "start": {
          "line": 81,
          "column": 6
        },
        "end": {
          "line": 81,
          "column": 22
        }
      },
      "18": {
        "start": {
          "line": 85,
          "column": 2
        },
        "end": {
          "line": 102,
          "column": 3
        }
      }
    },
    "fnMap": {
      "0": {
        "name": "Day",
        "decl": {
          "start": {
            "line": 39,
            "column": 16
          },
          "end": {
            "line": 39,
            "column": 19
          }
        },
        "loc": {
          "start": {
            "line": 39,
            "column": 34
          },
          "end": {
            "line": 103,
            "column": 1
          }
        },
        "line": 39
      },
      "1": {
        "name": "(anonymous_1)",
        "decl": {
          "start": {
            "line": 61,
            "column": 19
          },
          "end": {
            "line": 61,
            "column": 20
          }
        },
        "loc": {
          "start": {
            "line": 61,
            "column": 25
          },
          "end": {
            "line": 75,
            "column": 3
          }
        },
        "line": 61
      },
      "2": {
        "name": "(anonymous_2)",
        "decl": {
          "start": {
            "line": 77,
            "column": 21
          },
          "end": {
            "line": 77,
            "column": 22
          }
        },
        "loc": {
          "start": {
            "line": 77,
            "column": 27
          },
          "end": {
            "line": 83,
            "column": 3
          }
        },
        "line": 77
      }
    },
    "branchMap": {
      "0": {
        "loc": {
          "start": {
            "line": 55,
            "column": 2
          },
          "end": {
            "line": 57,
            "column": 3
          }
        },
        "type": "if",
        "locations": [
          {
            "start": {
              "line": 55,
              "column": 2
            },
            "end": {
              "line": 57,
              "column": 3
            }
          },
          {
            "start": {
              "line": 55,
              "column": 2
            },
            "end": {
              "line": 57,
              "column": 3
            }
          }
        ],
        "line": 55
      },
      "1": {
        "loc": {
          "start": {
            "line": 59,
            "column": 14
          },
          "end": {
            "line": 59,
            "column": 48
          }
        },
        "type": "binary-expr",
        "locations": [
          {
            "start": {
              "line": 59,
              "column": 14
            },
            "end": {
              "line": 59,
              "column": 24
            }
          },
          {
            "start": {
              "line": 59,
              "column": 28
            },
            "end": {
              "line": 59,
              "column": 48
            }
          }
        ],
        "line": 59
      },
      "2": {
        "loc": {
          "start": {
            "line": 68,
            "column": 4
          },
          "end": {
            "line": 74,
            "column": 5
          }
        },
        "type": "if",
        "locations": [
          {
            "start": {
              "line": 68,
              "column": 4
            },
            "end": {
              "line": 74,
              "column": 5
            }
          },
          {
            "start": {
              "line": 68,
              "column": 4
            },
            "end": {
              "line": 74,
              "column": 5
            }
          }
        ],
        "line": 68
      },
      "3": {
        "loc": {
          "start": {
            "line": 70,
            "column": 11
          },
          "end": {
            "line": 74,
            "column": 5
          }
        },
        "type": "if",
        "locations": [
          {
            "start": {
              "line": 70,
              "column": 11
            },
            "end": {
              "line": 74,
              "column": 5
            }
          },
          {
            "start": {
              "line": 70,
              "column": 11
            },
            "end": {
              "line": 74,
              "column": 5
            }
          }
        ],
        "line": 70
      },
      "4": {
        "loc": {
          "start": {
            "line": 78,
            "column": 4
          },
          "end": {
            "line": 82,
            "column": 5
          }
        },
        "type": "if",
        "locations": [
          {
            "start": {
              "line": 78,
              "column": 4
            },
            "end": {
              "line": 82,
              "column": 5
            }
          },
          {
            "start": {
              "line": 78,
              "column": 4
            },
            "end": {
              "line": 82,
              "column": 5
            }
          }
        ],
        "line": 78
      },
      "5": {
        "loc": {
          "start": {
            "line": 79,
            "column": 13
          },
          "end": {
            "line": 79,
            "column": 36
          }
        },
        "type": "binary-expr",
        "locations": [
          {
            "start": {
              "line": 79,
              "column": 13
            },
            "end": {
              "line": 79,
              "column": 23
            }
          },
          {
            "start": {
              "line": 79,
              "column": 27
            },
            "end": {
              "line": 79,
              "column": 36
            }
          }
        ],
        "line": 79
      },
      "6": {
        "loc": {
          "start": {
            "line": 95,
            "column": 13
          },
          "end": {
            "line": 95,
            "column": 42
          }
        },
        "type": "cond-expr",
        "locations": [
          {
            "start": {
              "line": 95,
              "column": 20
            },
            "end": {
              "line": 95,
              "column": 30
            }
          },
          {
            "start": {
              "line": 95,
              "column": 33
            },
            "end": {
              "line": 95,
              "column": 42
            }
          }
        ],
        "line": 95
      },
      "7": {
        "loc": {
          "start": {
            "line": 97,
            "column": 19
          },
          "end": {
            "line": 97,
            "column": 81
          }
        },
        "type": "cond-expr",
        "locations": [
          {
            "start": {
              "line": 97,
              "column": 56
            },
            "end": {
              "line": 97,
              "column": 69
            }
          },
          {
            "start": {
              "line": 97,
              "column": 72
            },
            "end": {
              "line": 97,
              "column": 81
            }
          }
        ],
        "line": 97
      },
      "8": {
        "loc": {
          "start": {
            "line": 97,
            "column": 19
          },
          "end": {
            "line": 97,
            "column": 53
          }
        },
        "type": "binary-expr",
        "locations": [
          {
            "start": {
              "line": 97,
              "column": 19
            },
            "end": {
              "line": 97,
              "column": 29
            }
          },
          {
            "start": {
              "line": 97,
              "column": 33
            },
            "end": {
              "line": 97,
              "column": 53
            }
          }
        ],
        "line": 97
      }
    },
    "s": {
      "0": 33,
      "1": 22899,
      "2": 22899,
      "3": 22899,
      "4": 2181,
      "5": 20718,
      "6": 20718,
      "7": 20718,
      "8": 20718,
      "9": 20718,
      "10": 288,
      "11": 20430,
      "12": 45,
      "13": 20385,
      "14": 20718,
      "15": 20718,
      "16": 1976,
      "17": 18742,
      "18": 20718
    },
    "f": {
      "0": 22899,
      "1": 20718,
      "2": 20718
    },
    "b": {
      "0": [
        2181,
        20718
      ],
      "1": [
        20718,
        18819
      ],
      "2": [
        288,
        20430
      ],
      "3": [
        45,
        20385
      ],
      "4": [
        1976,
        18742
      ],
      "5": [
        1976,
        1967
      ],
      "6": [
        18742,
        1976
      ],
      "7": [
        1976,
        18742
      ],
      "8": [
        20718,
        18819
      ]
    },
    "_coverageSchema": "43e27e138ebf9cfc5966b082cf9a028302ed4184",
    "hash": "e1ebac26d0090c3e39c0d29354efad32cdd47918"
  },
  "C:\\Users\\Myself\\Documents\\GitHub\\binnacle-api-react\\src\\utils\\DateUtils.ts": {
    "path": "C:\\Users\\Myself\\Documents\\GitHub\\binnacle-api-react\\src\\utils\\DateUtils.ts",
    "statementMap": {
      "0": {
        "start": {
          "line": 16,
          "column": 34
        },
        "end": {
          "line": 16,
          "column": 76
        }
      },
      "1": {
        "start": {
          "line": 16,
          "column": 50
        },
        "end": {
          "line": 16,
          "column": 76
        }
      },
      "2": {
        "start": {
          "line": 18,
          "column": 42
        },
        "end": {
          "line": 20,
          "column": 1
        }
      },
      "3": {
        "start": {
          "line": 19,
          "column": 2
        },
        "end": {
          "line": 19,
          "column": 62
        }
      },
      "4": {
        "start": {
          "line": 22,
          "column": 40
        },
        "end": {
          "line": 24,
          "column": 1
        }
      },
      "5": {
        "start": {
          "line": 23,
          "column": 2
        },
        "end": {
          "line": 23,
          "column": 58
        }
      },
      "6": {
        "start": {
          "line": 26,
          "column": 39
        },
        "end": {
          "line": 31,
          "column": 1
        }
      },
      "7": {
        "start": {
          "line": 27,
          "column": 2
        },
        "end": {
          "line": 30,
          "column": 4
        }
      },
      "8": {
        "start": {
          "line": 33,
          "column": 29
        },
        "end": {
          "line": 38,
          "column": 1
        }
      },
      "9": {
        "start": {
          "line": 34,
          "column": 2
        },
        "end": {
          "line": 37,
          "column": 4
        }
      },
      "10": {
        "start": {
          "line": 39,
          "column": 31
        },
        "end": {
          "line": 41,
          "column": 1
        }
      },
      "11": {
        "start": {
          "line": 40,
          "column": 2
        },
        "end": {
          "line": 40,
          "column": 26
        }
      },
      "12": {
        "start": {
          "line": 42,
          "column": 27
        },
        "end": {
          "line": 44,
          "column": 1
        }
      },
      "13": {
        "start": {
          "line": 43,
          "column": 2
        },
        "end": {
          "line": 43,
          "column": 26
        }
      },
      "14": {
        "start": {
          "line": 46,
          "column": 33
        },
        "end": {
          "line": 51,
          "column": 1
        }
      },
      "15": {
        "start": {
          "line": 47,
          "column": 20
        },
        "end": {
          "line": 47,
          "column": 50
        }
      },
      "16": {
        "start": {
          "line": 48,
          "column": 17
        },
        "end": {
          "line": 48,
          "column": 43
        }
      },
      "17": {
        "start": {
          "line": 49,
          "column": 21
        },
        "end": {
          "line": 49,
          "column": 59
        }
      },
      "18": {
        "start": {
          "line": 50,
          "column": 2
        },
        "end": {
          "line": 50,
          "column": 45
        }
      },
      "19": {
        "start": {
          "line": 53,
          "column": 19
        },
        "end": {
          "line": 64,
          "column": 1
        }
      },
      "20": {
        "start": {
          "line": 54,
          "column": 15
        },
        "end": {
          "line": 54,
          "column": 35
        }
      },
      "21": {
        "start": {
          "line": 56,
          "column": 2
        },
        "end": {
          "line": 63,
          "column": 3
        }
      },
      "22": {
        "start": {
          "line": 66,
          "column": 26
        },
        "end": {
          "line": 68,
          "column": 1
        }
      },
      "23": {
        "start": {
          "line": 67,
          "column": 2
        },
        "end": {
          "line": 67,
          "column": 57
        }
      },
      "24": {
        "start": {
          "line": 70,
          "column": 31
        },
        "end": {
          "line": 76,
          "column": 1
        }
      },
      "25": {
        "start": {
          "line": 71,
          "column": 20
        },
        "end": {
          "line": 71,
          "column": 50
        }
      },
      "26": {
        "start": {
          "line": 72,
          "column": 2
        },
        "end": {
          "line": 74,
          "column": 3
        }
      },
      "27": {
        "start": {
          "line": 73,
          "column": 4
        },
        "end": {
          "line": 73,
          "column": 60
        }
      },
      "28": {
        "start": {
          "line": 75,
          "column": 2
        },
        "end": {
          "line": 75,
          "column": 58
        }
      },
      "29": {
        "start": {
          "line": 77,
          "column": 31
        },
        "end": {
          "line": 80,
          "column": 68
        }
      },
      "30": {
        "start": {
          "line": 80,
          "column": 5
        },
        "end": {
          "line": 80,
          "column": 68
        }
      },
      "31": {
        "start": {
          "line": 80,
          "column": 38
        },
        "end": {
          "line": 80,
          "column": 67
        }
      },
      "32": {
        "start": {
          "line": 82,
          "column": 32
        },
        "end": {
          "line": 86,
          "column": 85
        }
      },
      "33": {
        "start": {
          "line": 86,
          "column": 2
        },
        "end": {
          "line": 86,
          "column": 85
        }
      },
      "34": {
        "start": {
          "line": 86,
          "column": 36
        },
        "end": {
          "line": 86,
          "column": 84
        }
      },
      "35": {
        "start": {
          "line": 86,
          "column": 63
        },
        "end": {
          "line": 86,
          "column": 83
        }
      }
    },
    "fnMap": {
      "0": {
        "name": "(anonymous_0)",
        "decl": {
          "start": {
            "line": 16,
            "column": 34
          },
          "end": {
            "line": 16,
            "column": 35
          }
        },
        "loc": {
          "start": {
            "line": 16,
            "column": 50
          },
          "end": {
            "line": 16,
            "column": 76
          }
        },
        "line": 16
      },
      "1": {
        "name": "(anonymous_1)",
        "decl": {
          "start": {
            "line": 18,
            "column": 42
          },
          "end": {
            "line": 18,
            "column": 43
          }
        },
        "loc": {
          "start": {
            "line": 18,
            "column": 59
          },
          "end": {
            "line": 20,
            "column": 1
          }
        },
        "line": 18
      },
      "2": {
        "name": "(anonymous_2)",
        "decl": {
          "start": {
            "line": 22,
            "column": 40
          },
          "end": {
            "line": 22,
            "column": 41
          }
        },
        "loc": {
          "start": {
            "line": 22,
            "column": 57
          },
          "end": {
            "line": 24,
            "column": 1
          }
        },
        "line": 22
      },
      "3": {
        "name": "(anonymous_3)",
        "decl": {
          "start": {
            "line": 26,
            "column": 39
          },
          "end": {
            "line": 26,
            "column": 40
          }
        },
        "loc": {
          "start": {
            "line": 26,
            "column": 64
          },
          "end": {
            "line": 31,
            "column": 1
          }
        },
        "line": 26
      },
      "4": {
        "name": "(anonymous_4)",
        "decl": {
          "start": {
            "line": 33,
            "column": 29
          },
          "end": {
            "line": 33,
            "column": 30
          }
        },
        "loc": {
          "start": {
            "line": 33,
            "column": 46
          },
          "end": {
            "line": 38,
            "column": 1
          }
        },
        "line": 33
      },
      "5": {
        "name": "(anonymous_5)",
        "decl": {
          "start": {
            "line": 39,
            "column": 31
          },
          "end": {
            "line": 39,
            "column": 32
          }
        },
        "loc": {
          "start": {
            "line": 39,
            "column": 47
          },
          "end": {
            "line": 41,
            "column": 1
          }
        },
        "line": 39
      },
      "6": {
        "name": "(anonymous_6)",
        "decl": {
          "start": {
            "line": 42,
            "column": 27
          },
          "end": {
            "line": 42,
            "column": 28
          }
        },
        "loc": {
          "start": {
            "line": 42,
            "column": 43
          },
          "end": {
            "line": 44,
            "column": 1
          }
        },
        "line": 42
      },
      "7": {
        "name": "(anonymous_7)",
        "decl": {
          "start": {
            "line": 46,
            "column": 33
          },
          "end": {
            "line": 46,
            "column": 34
          }
        },
        "loc": {
          "start": {
            "line": 46,
            "column": 49
          },
          "end": {
            "line": 51,
            "column": 1
          }
        },
        "line": 46
      },
      "8": {
        "name": "(anonymous_8)",
        "decl": {
          "start": {
            "line": 53,
            "column": 19
          },
          "end": {
            "line": 53,
            "column": 20
          }
        },
        "loc": {
          "start": {
            "line": 53,
            "column": 48
          },
          "end": {
            "line": 64,
            "column": 1
          }
        },
        "line": 53
      },
      "9": {
        "name": "(anonymous_9)",
        "decl": {
          "start": {
            "line": 66,
            "column": 26
          },
          "end": {
            "line": 66,
            "column": 27
          }
        },
        "loc": {
          "start": {
            "line": 66,
            "column": 63
          },
          "end": {
            "line": 68,
            "column": 1
          }
        },
        "line": 66
      },
      "10": {
        "name": "(anonymous_10)",
        "decl": {
          "start": {
            "line": 70,
            "column": 31
          },
          "end": {
            "line": 70,
            "column": 32
          }
        },
        "loc": {
          "start": {
            "line": 70,
            "column": 37
          },
          "end": {
            "line": 76,
            "column": 1
          }
        },
        "line": 70
      },
      "11": {
        "name": "(anonymous_11)",
        "decl": {
          "start": {
            "line": 77,
            "column": 31
          },
          "end": {
            "line": 77,
            "column": 32
          }
        },
        "loc": {
          "start": {
            "line": 80,
            "column": 5
          },
          "end": {
            "line": 80,
            "column": 68
          }
        },
        "line": 80
      },
      "12": {
        "name": "(anonymous_12)",
        "decl": {
          "start": {
            "line": 80,
            "column": 25
          },
          "end": {
            "line": 80,
            "column": 26
          }
        },
        "loc": {
          "start": {
            "line": 80,
            "column": 38
          },
          "end": {
            "line": 80,
            "column": 67
          }
        },
        "line": 80
      },
      "13": {
        "name": "(anonymous_13)",
        "decl": {
          "start": {
            "line": 82,
            "column": 32
          },
          "end": {
            "line": 82,
            "column": 33
          }
        },
        "loc": {
          "start": {
            "line": 86,
            "column": 2
          },
          "end": {
            "line": 86,
            "column": 85
          }
        },
        "line": 86
      },
      "14": {
        "name": "(anonymous_14)",
        "decl": {
          "start": {
            "line": 86,
            "column": 23
          },
          "end": {
            "line": 86,
            "column": 24
          }
        },
        "loc": {
          "start": {
            "line": 86,
            "column": 36
          },
          "end": {
            "line": 86,
            "column": 84
          }
        },
        "line": 86
      },
      "15": {
        "name": "(anonymous_15)",
        "decl": {
          "start": {
            "line": 86,
            "column": 54
          },
          "end": {
            "line": 86,
            "column": 55
          }
        },
        "loc": {
          "start": {
            "line": 86,
            "column": 63
          },
          "end": {
            "line": 86,
            "column": 83
          }
        },
        "line": 86
      }
    },
    "branchMap": {
      "0": {
        "loc": {
          "start": {
            "line": 48,
            "column": 17
          },
          "end": {
            "line": 48,
            "column": 43
          }
        },
        "type": "cond-expr",
        "locations": [
          {
            "start": {
              "line": 48,
              "column": 29
            },
            "end": {
              "line": 48,
              "column": 31
            }
          },
          {
            "start": {
              "line": 48,
              "column": 34
            },
            "end": {
              "line": 48,
              "column": 43
            }
          }
        ],
        "line": 48
      },
      "1": {
        "loc": {
          "start": {
            "line": 49,
            "column": 21
          },
          "end": {
            "line": 49,
            "column": 59
          }
        },
        "type": "cond-expr",
        "locations": [
          {
            "start": {
              "line": 49,
              "column": 33
            },
            "end": {
              "line": 49,
              "column": 47
            }
          },
          {
            "start": {
              "line": 49,
              "column": 50
            },
            "end": {
              "line": 49,
              "column": 59
            }
          }
        ],
        "line": 49
      },
      "2": {
        "loc": {
          "start": {
            "line": 53,
            "column": 20
          },
          "end": {
            "line": 53,
            "column": 43
          }
        },
        "type": "default-arg",
        "locations": [
          {
            "start": {
              "line": 53,
              "column": 33
            },
            "end": {
              "line": 53,
              "column": 43
            }
          }
        ],
        "line": 53
      },
      "3": {
        "loc": {
          "start": {
            "line": 67,
            "column": 30
          },
          "end": {
            "line": 67,
            "column": 56
          }
        },
        "type": "binary-expr",
        "locations": [
          {
            "start": {
              "line": 67,
              "column": 30
            },
            "end": {
              "line": 67,
              "column": 40
            }
          },
          {
            "start": {
              "line": 67,
              "column": 44
            },
            "end": {
              "line": 67,
              "column": 56
            }
          }
        ],
        "line": 67
      },
      "4": {
        "loc": {
          "start": {
            "line": 72,
            "column": 2
          },
          "end": {
            "line": 74,
            "column": 3
          }
        },
        "type": "if",
        "locations": [
          {
            "start": {
              "line": 72,
              "column": 2
            },
            "end": {
              "line": 74,
              "column": 3
            }
          },
          {
            "start": {
              "line": 72,
              "column": 2
            },
            "end": {
              "line": 74,
              "column": 3
            }
          }
        ],
        "line": 72
      }
    },
    "s": {
      "0": 33,
      "1": 0,
      "2": 33,
      "3": 0,
      "4": 33,
      "5": 0,
      "6": 33,
      "7": 0,
      "8": 33,
      "9": 0,
      "10": 33,
      "11": 0,
      "12": 33,
      "13": 0,
      "14": 33,
      "15": 0,
      "16": 0,
      "17": 0,
      "18": 0,
      "19": 33,
      "20": 0,
      "21": 0,
      "22": 33,
      "23": 0,
      "24": 33,
      "25": 0,
      "26": 0,
      "27": 0,
      "28": 0,
      "29": 33,
      "30": 20718,
      "31": 20718,
      "32": 33,
      "33": 20718,
      "34": 20718,
      "35": 20718
    },
    "f": {
      "0": 0,
      "1": 0,
      "2": 0,
      "3": 0,
      "4": 0,
      "5": 0,
      "6": 0,
      "7": 0,
      "8": 0,
      "9": 0,
      "10": 0,
      "11": 20718,
      "12": 20718,
      "13": 20718,
      "14": 20718,
      "15": 20718
    },
    "b": {
      "0": [
        0,
        0
      ],
      "1": [
        0,
        0
      ],
      "2": [
        0
      ],
      "3": [
        0,
        0
      ],
      "4": [
        0,
        0
      ]
    },
    "_coverageSchema": "43e27e138ebf9cfc5966b082cf9a028302ed4184",
    "hash": "01b028ee548d7ca66aa77b5a7ef1c7ec26969d89"
  },
  "C:\\Users\\Myself\\Documents\\GitHub\\binnacle-api-react\\src\\api\\interfaces\\IHolidays.ts": {
    "path": "C:\\Users\\Myself\\Documents\\GitHub\\binnacle-api-react\\src\\api\\interfaces\\IHolidays.ts",
    "statementMap": {},
    "fnMap": {},
    "branchMap": {},
    "s": {},
    "f": {},
    "b": {},
    "_coverageSchema": "43e27e138ebf9cfc5966b082cf9a028302ed4184",
    "hash": "ac75917a59409ed8d87d09d2a2f1cc28710c1174"
  },
  "C:\\Users\\Myself\\Documents\\GitHub\\binnacle-api-react\\src\\test-utils\\app-test-utils.tsx": {
    "path": "C:\\Users\\Myself\\Documents\\GitHub\\binnacle-api-react\\src\\test-utils\\app-test-utils.tsx",
    "statementMap": {
      "0": {
        "start": {
          "line": 7,
          "column": 2
        },
        "end": {
          "line": 7,
          "column": 56
        }
      }
    },
    "fnMap": {
      "0": {
        "name": "render",
        "decl": {
          "start": {
            "line": 6,
            "column": 9
          },
          "end": {
            "line": 6,
            "column": 15
          }
        },
        "loc": {
          "start": {
            "line": 6,
            "column": 40
          },
          "end": {
            "line": 8,
            "column": 1
          }
        },
        "line": 6
      }
    },
    "branchMap": {},
    "s": {
      "0": 275
    },
    "f": {
      "0": 275
    },
    "b": {},
    "_coverageSchema": "43e27e138ebf9cfc5966b082cf9a028302ed4184",
    "hash": "05c8bcf9f8f2fcdc9583b5f9fbefa2a7f6d2bec2"
  },
  "C:\\Users\\Myself\\Documents\\GitHub\\binnacle-api-react\\src\\app\\AppProviders.tsx": {
    "path": "C:\\Users\\Myself\\Documents\\GitHub\\binnacle-api-react\\src\\app\\AppProviders.tsx",
    "statementMap": {
      "0": {
        "start": {
          "line": 5,
          "column": 33
        },
        "end": {
          "line": 8,
          "column": 1
        }
      },
      "1": {
        "start": {
          "line": 10,
          "column": 16
        },
        "end": {
          "line": 13,
          "column": 1
        }
      },
      "2": {
        "start": {
          "line": 16,
          "column": 2
        },
        "end": {
          "line": 21,
          "column": 3
        }
      }
    },
    "fnMap": {
      "0": {
        "name": "AppProviders",
        "decl": {
          "start": {
            "line": 15,
            "column": 16
          },
          "end": {
            "line": 15,
            "column": 28
          }
        },
        "loc": {
          "start": {
            "line": 15,
            "column": 67
          },
          "end": {
            "line": 22,
            "column": 1
          }
        },
        "line": 15
      }
    },
    "branchMap": {},
    "s": {
      "0": 57,
      "1": 57,
      "2": 275
    },
    "f": {
      "0": 275
    },
    "b": {},
    "_coverageSchema": "43e27e138ebf9cfc5966b082cf9a028302ed4184",
    "hash": "c9cccfd52531ba212ca92d3ed95bd99f21c7cae1"
  },
  "C:\\Users\\Myself\\Documents\\GitHub\\binnacle-api-react\\src\\app\\i18n.ts": {
    "path": "C:\\Users\\Myself\\Documents\\GitHub\\binnacle-api-react\\src\\app\\i18n.ts",
    "statementMap": {
      "0": {
        "start": {
          "line": 7,
          "column": 18
        },
        "end": {
          "line": 14,
          "column": 1
        }
      },
      "1": {
        "start": {
          "line": 16,
          "column": 0
        },
        "end": {
          "line": 38,
          "column": 4
        }
      }
    },
    "fnMap": {},
    "branchMap": {},
    "s": {
      "0": 57,
      "1": 57
    },
    "f": {},
    "b": {},
    "_coverageSchema": "43e27e138ebf9cfc5966b082cf9a028302ed4184",
    "hash": "bb42330d5c94b996af59ba0c3285933128434e24"
  },
  "C:\\Users\\Myself\\Documents\\GitHub\\binnacle-api-react\\src\\pages\\vacation\\RequestVacationForm.tsx": {
    "path": "C:\\Users\\Myself\\Documents\\GitHub\\binnacle-api-react\\src\\pages\\vacation\\RequestVacationForm.tsx",
    "statementMap": {
      "0": {
        "start": {
          "line": 28,
          "column": 20
        },
        "end": {
          "line": 32,
          "column": 1
        }
      },
      "1": {
        "start": {
          "line": 43,
          "column": 52
        },
        "end": {
          "line": 188,
          "column": 1
        }
      },
      "2": {
        "start": {
          "line": 44,
          "column": 16
        },
        "end": {
          "line": 44,
          "column": 32
        }
      },
      "3": {
        "start": {
          "line": 45,
          "column": 39
        },
        "end": {
          "line": 45,
          "column": 69
        }
      },
      "4": {
        "start": {
          "line": 47,
          "column": 23
        },
        "end": {
          "line": 68,
          "column": 3
        }
      },
      "5": {
        "start": {
          "line": 48,
          "column": 36
        },
        "end": {
          "line": 48,
          "column": 59
        }
      },
      "6": {
        "start": {
          "line": 50,
          "column": 17
        },
        "end": {
          "line": 56,
          "column": 5
        }
      },
      "7": {
        "start": {
          "line": 58,
          "column": 4
        },
        "end": {
          "line": 62,
          "column": 5
        }
      },
      "8": {
        "start": {
          "line": 59,
          "column": 6
        },
        "end": {
          "line": 59,
          "column": 45
        }
      },
      "9": {
        "start": {
          "line": 61,
          "column": 6
        },
        "end": {
          "line": 61,
          "column": 45
        }
      },
      "10": {
        "start": {
          "line": 64,
          "column": 4
        },
        "end": {
          "line": 67,
          "column": 6
        }
      },
      "11": {
        "start": {
          "line": 65,
          "column": 6
        },
        "end": {
          "line": 65,
          "column": 31
        }
      },
      "12": {
        "start": {
          "line": 66,
          "column": 6
        },
        "end": {
          "line": 66,
          "column": 21
        }
      },
      "13": {
        "start": {
          "line": 71,
          "column": 4
        },
        "end": {
          "line": 84,
          "column": 7
        }
      },
      "14": {
        "start": {
          "line": 86,
          "column": 2
        },
        "end": {
          "line": 187,
          "column": 3
        }
      },
      "15": {
        "start": {
          "line": 99,
          "column": 14
        },
        "end": {
          "line": 181,
          "column": 17
        }
      },
      "16": {
        "start": {
          "line": 104,
          "column": 24
        },
        "end": {
          "line": 130,
          "column": 37
        }
      },
      "17": {
        "start": {
          "line": 108,
          "column": 28
        },
        "end": {
          "line": 108,
          "column": 69
        }
      },
      "18": {
        "start": {
          "line": 112,
          "column": 28
        },
        "end": {
          "line": 128,
          "column": 42
        }
      },
      "19": {
        "start": {
          "line": 135,
          "column": 24
        },
        "end": {
          "line": 147,
          "column": 38
        }
      },
      "20": {
        "start": {
          "line": 152,
          "column": 24
        },
        "end": {
          "line": 166,
          "column": 38
        }
      },
      "21": {
        "start": {
          "line": 160,
          "column": 30
        },
        "end": {
          "line": 162,
          "column": 39
        }
      },
      "22": {
        "start": {
          "line": 191,
          "column": 2
        },
        "end": {
          "line": 193,
          "column": 11
        }
      },
      "23": {
        "start": {
          "line": 197,
          "column": 2
        },
        "end": {
          "line": 199,
          "column": 11
        }
      },
      "24": {
        "start": {
          "line": 202,
          "column": 0
        },
        "end": {
          "line": 205,
          "column": 1
        }
      }
    },
    "fnMap": {
      "0": {
        "name": "(anonymous_0)",
        "decl": {
          "start": {
            "line": 43,
            "column": 52
          },
          "end": {
            "line": 43,
            "column": 53
          }
        },
        "loc": {
          "start": {
            "line": 43,
            "column": 63
          },
          "end": {
            "line": 188,
            "column": 1
          }
        },
        "line": 43
      },
      "1": {
        "name": "(anonymous_1)",
        "decl": {
          "start": {
            "line": 47,
            "column": 23
          },
          "end": {
            "line": 47,
            "column": 24
          }
        },
        "loc": {
          "start": {
            "line": 47,
            "column": 53
          },
          "end": {
            "line": 68,
            "column": 3
          }
        },
        "line": 47
      },
      "2": {
        "name": "(anonymous_2)",
        "decl": {
          "start": {
            "line": 64,
            "column": 20
          },
          "end": {
            "line": 64,
            "column": 21
          }
        },
        "loc": {
          "start": {
            "line": 64,
            "column": 26
          },
          "end": {
            "line": 67,
            "column": 5
          }
        },
        "line": 64
      },
      "3": {
        "name": "(anonymous_3)",
        "decl": {
          "start": {
            "line": 98,
            "column": 13
          },
          "end": {
            "line": 98,
            "column": 14
          }
        },
        "loc": {
          "start": {
            "line": 99,
            "column": 14
          },
          "end": {
            "line": 181,
            "column": 17
          }
        },
        "line": 99
      },
      "4": {
        "name": "(anonymous_4)",
        "decl": {
          "start": {
            "line": 103,
            "column": 23
          },
          "end": {
            "line": 103,
            "column": 24
          }
        },
        "loc": {
          "start": {
            "line": 104,
            "column": 24
          },
          "end": {
            "line": 130,
            "column": 37
          }
        },
        "line": 104
      },
      "5": {
        "name": "(anonymous_5)",
        "decl": {
          "start": {
            "line": 107,
            "column": 36
          },
          "end": {
            "line": 107,
            "column": 37
          }
        },
        "loc": {
          "start": {
            "line": 107,
            "column": 55
          },
          "end": {
            "line": 109,
            "column": 27
          }
        },
        "line": 107
      },
      "6": {
        "name": "(anonymous_6)",
        "decl": {
          "start": {
            "line": 111,
            "column": 27
          },
          "end": {
            "line": 111,
            "column": 28
          }
        },
        "loc": {
          "start": {
            "line": 112,
            "column": 28
          },
          "end": {
            "line": 128,
            "column": 42
          }
        },
        "line": 112
      },
      "7": {
        "name": "(anonymous_7)",
        "decl": {
          "start": {
            "line": 134,
            "column": 23
          },
          "end": {
            "line": 134,
            "column": 24
          }
        },
        "loc": {
          "start": {
            "line": 135,
            "column": 24
          },
          "end": {
            "line": 147,
            "column": 38
          }
        },
        "line": 135
      },
      "8": {
        "name": "(anonymous_8)",
        "decl": {
          "start": {
            "line": 151,
            "column": 23
          },
          "end": {
            "line": 151,
            "column": 24
          }
        },
        "loc": {
          "start": {
            "line": 152,
            "column": 24
          },
          "end": {
            "line": 166,
            "column": 38
          }
        },
        "line": 152
      },
      "9": {
        "name": "(anonymous_9)",
        "decl": {
          "start": {
            "line": 159,
            "column": 45
          },
          "end": {
            "line": 159,
            "column": 46
          }
        },
        "loc": {
          "start": {
            "line": 160,
            "column": 30
          },
          "end": {
            "line": 162,
            "column": 39
          }
        },
        "line": 160
      },
      "10": {
        "name": "updateVacationPeriod",
        "decl": {
          "start": {
            "line": 190,
            "column": 15
          },
          "end": {
            "line": 190,
            "column": 35
          }
        },
        "loc": {
          "start": {
            "line": 190,
            "column": 47
          },
          "end": {
            "line": 194,
            "column": 1
          }
        },
        "line": 190
      },
      "11": {
        "name": "createVacationPeriod",
        "decl": {
          "start": {
            "line": 196,
            "column": 15
          },
          "end": {
            "line": 196,
            "column": 35
          }
        },
        "loc": {
          "start": {
            "line": 196,
            "column": 47
          },
          "end": {
            "line": 200,
            "column": 1
          }
        },
        "line": 196
      }
    },
    "branchMap": {
      "0": {
        "loc": {
          "start": {
            "line": 58,
            "column": 4
          },
          "end": {
            "line": 62,
            "column": 5
          }
        },
        "type": "if",
        "locations": [
          {
            "start": {
              "line": 58,
              "column": 4
            },
            "end": {
              "line": 62,
              "column": 5
            }
          },
          {
            "start": {
              "line": 58,
              "column": 4
            },
            "end": {
              "line": 62,
              "column": 5
            }
          }
        ],
        "line": 58
      },
      "1": {
        "loc": {
          "start": {
            "line": 71,
            "column": 4
          },
          "end": {
            "line": 84,
            "column": 7
          }
        },
        "type": "cond-expr",
        "locations": [
          {
            "start": {
              "line": 72,
              "column": 8
            },
            "end": {
              "line": 72,
              "column": 17
            }
          },
          {
            "start": {
              "line": 73,
              "column": 8
            },
            "end": {
              "line": 84,
              "column": 7
            }
          }
        ],
        "line": 71
      },
      "2": {
        "loc": {
          "start": {
            "line": 116,
            "column": 41
          },
          "end": {
            "line": 116,
            "column": 79
          }
        },
        "type": "binary-expr",
        "locations": [
          {
            "start": {
              "line": 116,
              "column": 41
            },
            "end": {
              "line": 116,
              "column": 57
            }
          },
          {
            "start": {
              "line": 116,
              "column": 61
            },
            "end": {
              "line": 116,
              "column": 79
            }
          }
        ],
        "line": 116
      },
      "3": {
        "loc": {
          "start": {
            "line": 136,
            "column": 37
          },
          "end": {
            "line": 136,
            "column": 75
          }
        },
        "type": "binary-expr",
        "locations": [
          {
            "start": {
              "line": 136,
              "column": 37
            },
            "end": {
              "line": 136,
              "column": 53
            }
          },
          {
            "start": {
              "line": 136,
              "column": 57
            },
            "end": {
              "line": 136,
              "column": 75
            }
          }
        ],
        "line": 136
      },
      "4": {
        "loc": {
          "start": {
            "line": 153,
            "column": 37
          },
          "end": {
            "line": 153,
            "column": 75
          }
        },
        "type": "binary-expr",
        "locations": [
          {
            "start": {
              "line": 153,
              "column": 37
            },
            "end": {
              "line": 153,
              "column": 53
            }
          },
          {
            "start": {
              "line": 153,
              "column": 57
            },
            "end": {
              "line": 153,
              "column": 75
            }
          }
        ],
        "line": 153
      },
      "5": {
        "loc": {
          "start": {
            "line": 175,
            "column": 31
          },
          "end": {
            "line": 175,
            "column": 63
          }
        },
        "type": "binary-expr",
        "locations": [
          {
            "start": {
              "line": 175,
              "column": 31
            },
            "end": {
              "line": 175,
              "column": 50
            }
          },
          {
            "start": {
              "line": 175,
              "column": 54
            },
            "end": {
              "line": 175,
              "column": 63
            }
          }
        ],
        "line": 175
      }
    },
    "s": {
      "0": 12,
      "1": 12,
      "2": 76,
      "3": 76,
      "4": 76,
      "5": 18,
      "6": 18,
      "7": 18,
      "8": 8,
      "9": 10,
      "10": 18,
      "11": 18,
      "12": 18,
      "13": 76,
      "14": 76,
      "15": 328,
      "16": 318,
      "17": 10,
      "18": 348,
      "19": 318,
      "20": 318,
      "21": 954,
      "22": 0,
      "23": 0,
      "24": 12
    },
    "f": {
      "0": 76,
      "1": 18,
      "2": 18,
      "3": 328,
      "4": 318,
      "5": 10,
      "6": 348,
      "7": 318,
      "8": 318,
      "9": 954,
      "10": 0,
      "11": 0
    },
    "b": {
      "0": [
        8,
        10
      ],
      "1": [
        76,
        0
      ],
      "2": [
        348,
        0
      ],
      "3": [
        318,
        0
      ],
      "4": [
        318,
        0
      ],
      "5": [
        328,
        246
      ]
    },
    "_coverageSchema": "43e27e138ebf9cfc5966b082cf9a028302ed4184",
    "hash": "44bb8d6582ec1ff87e0857f3e6c41e0e5a94ab2c"
  },
  "C:\\Users\\Myself\\Documents\\GitHub\\binnacle-api-react\\src\\utils\\constants.ts": {
    "path": "C:\\Users\\Myself\\Documents\\GitHub\\binnacle-api-react\\src\\utils\\constants.ts",
    "statementMap": {
      "0": {
        "start": {
          "line": 1,
          "column": 31
        },
        "end": {
          "line": 5,
          "column": 1
        }
      }
    },
    "fnMap": {},
    "branchMap": {},
    "s": {
      "0": 36
    },
    "f": {},
    "b": {},
    "_coverageSchema": "43e27e138ebf9cfc5966b082cf9a028302ed4184",
    "hash": "d196557b0589f4048ac5db32bf58a971868971d3"
  },
  "C:\\Users\\Myself\\Documents\\GitHub\\binnacle-api-react\\src\\services\\HttpClient.ts": {
    "path": "C:\\Users\\Myself\\Documents\\GitHub\\binnacle-api-react\\src\\services\\HttpClient.ts",
    "statementMap": {
      "0": {
        "start": {
          "line": 7,
          "column": 55
        },
        "end": {
          "line": 7,
          "column": 64
        }
      },
      "1": {
        "start": {
          "line": 8,
          "column": 32
        },
        "end": {
          "line": 17,
          "column": 7
        }
      },
      "2": {
        "start": {
          "line": 9,
          "column": 2
        },
        "end": {
          "line": 17,
          "column": 7
        }
      },
      "3": {
        "start": {
          "line": 11,
          "column": 4
        },
        "end": {
          "line": 16,
          "column": 5
        }
      },
      "4": {
        "start": {
          "line": 12,
          "column": 6
        },
        "end": {
          "line": 12,
          "column": 33
        }
      },
      "5": {
        "start": {
          "line": 14,
          "column": 6
        },
        "end": {
          "line": 14,
          "column": 37
        }
      },
      "6": {
        "start": {
          "line": 15,
          "column": 6
        },
        "end": {
          "line": 15,
          "column": 13
        }
      },
      "7": {
        "start": {
          "line": 20,
          "column": 2
        },
        "end": {
          "line": 21,
          "column": 53
        }
      },
      "8": {
        "start": {
          "line": 23,
          "column": 30
        },
        "end": {
          "line": 29,
          "column": 2
        }
      },
      "9": {
        "start": {
          "line": 31,
          "column": 19
        },
        "end": {
          "line": 58,
          "column": 2
        }
      },
      "10": {
        "start": {
          "line": 35,
          "column": 8
        },
        "end": {
          "line": 38,
          "column": 9
        }
      },
      "11": {
        "start": {
          "line": 43,
          "column": 8
        },
        "end": {
          "line": 53,
          "column": 9
        }
      },
      "12": {
        "start": {
          "line": 44,
          "column": 10
        },
        "end": {
          "line": 52,
          "column": 11
        }
      },
      "13": {
        "start": {
          "line": 45,
          "column": 26
        },
        "end": {
          "line": 45,
          "column": 57
        }
      },
      "14": {
        "start": {
          "line": 46,
          "column": 12
        },
        "end": {
          "line": 46,
          "column": 43
        }
      },
      "15": {
        "start": {
          "line": 47,
          "column": 12
        },
        "end": {
          "line": 47,
          "column": 80
        }
      },
      "16": {
        "start": {
          "line": 48,
          "column": 12
        },
        "end": {
          "line": 48,
          "column": 30
        }
      },
      "17": {
        "start": {
          "line": 50,
          "column": 12
        },
        "end": {
          "line": 50,
          "column": 39
        }
      },
      "18": {
        "start": {
          "line": 51,
          "column": 12
        },
        "end": {
          "line": 51,
          "column": 27
        }
      },
      "19": {
        "start": {
          "line": 54,
          "column": 8
        },
        "end": {
          "line": 54,
          "column": 23
        }
      }
    },
    "fnMap": {
      "0": {
        "name": "(anonymous_0)",
        "decl": {
          "start": {
            "line": 8,
            "column": 32
          },
          "end": {
            "line": 8,
            "column": 33
          }
        },
        "loc": {
          "start": {
            "line": 9,
            "column": 2
          },
          "end": {
            "line": 17,
            "column": 7
          }
        },
        "line": 9
      },
      "1": {
        "name": "(anonymous_1)",
        "decl": {
          "start": {
            "line": 10,
            "column": 26
          },
          "end": {
            "line": 10,
            "column": 27
          }
        },
        "loc": {
          "start": {
            "line": 10,
            "column": 38
          },
          "end": {
            "line": 17,
            "column": 3
          }
        },
        "line": 10
      },
      "2": {
        "name": "(anonymous_2)",
        "decl": {
          "start": {
            "line": 34,
            "column": 6
          },
          "end": {
            "line": 34,
            "column": 7
          }
        },
        "loc": {
          "start": {
            "line": 34,
            "column": 28
          },
          "end": {
            "line": 39,
            "column": 7
          }
        },
        "line": 34
      },
      "3": {
        "name": "(anonymous_3)",
        "decl": {
          "start": {
            "line": 42,
            "column": 6
          },
          "end": {
            "line": 42,
            "column": 7
          }
        },
        "loc": {
          "start": {
            "line": 42,
            "column": 44
          },
          "end": {
            "line": 55,
            "column": 7
          }
        },
        "line": 42
      }
    },
    "branchMap": {
      "0": {
        "loc": {
          "start": {
            "line": 9,
            "column": 2
          },
          "end": {
            "line": 17,
            "column": 7
          }
        },
        "type": "binary-expr",
        "locations": [
          {
            "start": {
              "line": 9,
              "column": 2
            },
            "end": {
              "line": 9,
              "column": 21
            }
          },
          {
            "start": {
              "line": 10,
              "column": 3
            },
            "end": {
              "line": 17,
              "column": 6
            }
          }
        ],
        "line": 9
      },
      "1": {
        "loc": {
          "start": {
            "line": 20,
            "column": 3
          },
          "end": {
            "line": 20,
            "column": 63
          }
        },
        "type": "binary-expr",
        "locations": [
          {
            "start": {
              "line": 20,
              "column": 3
            },
            "end": {
              "line": 20,
              "column": 37
            }
          },
          {
            "start": {
              "line": 20,
              "column": 41
            },
            "end": {
              "line": 20,
              "column": 63
            }
          }
        ],
        "line": 20
      },
      "2": {
        "loc": {
          "start": {
            "line": 21,
            "column": 3
          },
          "end": {
            "line": 21,
            "column": 52
          }
        },
        "type": "binary-expr",
        "locations": [
          {
            "start": {
              "line": 21,
              "column": 3
            },
            "end": {
              "line": 21,
              "column": 46
            }
          },
          {
            "start": {
              "line": 21,
              "column": 50
            },
            "end": {
              "line": 21,
              "column": 52
            }
          }
        ],
        "line": 21
      },
      "3": {
        "loc": {
          "start": {
            "line": 43,
            "column": 8
          },
          "end": {
            "line": 53,
            "column": 9
          }
        },
        "type": "if",
        "locations": [
          {
            "start": {
              "line": 43,
              "column": 8
            },
            "end": {
              "line": 53,
              "column": 9
            }
          },
          {
            "start": {
              "line": 43,
              "column": 8
            },
            "end": {
              "line": 53,
              "column": 9
            }
          }
        ],
        "line": 43
      }
    },
    "s": {
      "0": 36,
      "1": 36,
      "2": 0,
      "3": 0,
      "4": 0,
      "5": 0,
      "6": 0,
      "7": 36,
      "8": 36,
      "9": 36,
      "10": 0,
      "11": 0,
      "12": 0,
      "13": 0,
      "14": 0,
      "15": 0,
      "16": 0,
      "17": 0,
      "18": 0,
      "19": 0
    },
    "f": {
      "0": 0,
      "1": 0,
      "2": 0,
      "3": 0
    },
    "b": {
      "0": [
        0,
        0
      ],
      "1": [
        36,
        36
      ],
      "2": [
        36,
        36
      ],
      "3": [
        0,
        0
      ]
    },
    "_coverageSchema": "43e27e138ebf9cfc5966b082cf9a028302ed4184",
    "hash": "2be7688f76bcf5b16c482794a7624da149c8ba99"
  },
  "C:\\Users\\Myself\\Documents\\GitHub\\binnacle-api-react\\src\\services\\TokenService.ts": {
    "path": "C:\\Users\\Myself\\Documents\\GitHub\\binnacle-api-react\\src\\services\\TokenService.ts",
    "statementMap": {
      "0": {
        "start": {
          "line": 2,
          "column": 45
        },
        "end": {
          "line": 2,
          "column": 54
        }
      },
      "1": {
        "start": {
          "line": 3,
          "column": 46
        },
        "end": {
          "line": 3,
          "column": 55
        }
      },
      "2": {
        "start": {
          "line": 5,
          "column": 14
        },
        "end": {
          "line": 10,
          "column": 3
        }
      },
      "3": {
        "start": {
          "line": 6,
          "column": 4
        },
        "end": {
          "line": 9,
          "column": 5
        }
      },
      "4": {
        "start": {
          "line": 12,
          "column": 17
        },
        "end": {
          "line": 15,
          "column": 3
        }
      },
      "5": {
        "start": {
          "line": 13,
          "column": 4
        },
        "end": {
          "line": 13,
          "column": 33
        }
      },
      "6": {
        "start": {
          "line": 14,
          "column": 4
        },
        "end": {
          "line": 14,
          "column": 34
        }
      },
      "7": {
        "start": {
          "line": 17,
          "column": 16
        },
        "end": {
          "line": 20,
          "column": 3
        }
      },
      "8": {
        "start": {
          "line": 18,
          "column": 4
        },
        "end": {
          "line": 18,
          "column": 36
        }
      },
      "9": {
        "start": {
          "line": 19,
          "column": 4
        },
        "end": {
          "line": 19,
          "column": 38
        }
      },
      "10": {
        "start": {
          "line": 23,
          "column": 28
        },
        "end": {
          "line": 23,
          "column": 50
        }
      }
    },
    "fnMap": {
      "0": {
        "name": "(anonymous_0)",
        "decl": {
          "start": {
            "line": 5,
            "column": 14
          },
          "end": {
            "line": 5,
            "column": 15
          }
        },
        "loc": {
          "start": {
            "line": 5,
            "column": 20
          },
          "end": {
            "line": 10,
            "column": 3
          }
        },
        "line": 5
      },
      "1": {
        "name": "(anonymous_1)",
        "decl": {
          "start": {
            "line": 12,
            "column": 17
          },
          "end": {
            "line": 12,
            "column": 18
          }
        },
        "loc": {
          "start": {
            "line": 12,
            "column": 23
          },
          "end": {
            "line": 15,
            "column": 3
          }
        },
        "line": 12
      },
      "2": {
        "name": "(anonymous_2)",
        "decl": {
          "start": {
            "line": 17,
            "column": 16
          },
          "end": {
            "line": 17,
            "column": 17
          }
        },
        "loc": {
          "start": {
            "line": 17,
            "column": 65
          },
          "end": {
            "line": 20,
            "column": 3
          }
        },
        "line": 17
      }
    },
    "branchMap": {},
    "s": {
      "0": 36,
      "1": 36,
      "2": 36,
      "3": 0,
      "4": 36,
      "5": 0,
      "6": 0,
      "7": 36,
      "8": 0,
      "9": 0,
      "10": 36
    },
    "f": {
      "0": 0,
      "1": 0,
      "2": 0
    },
    "b": {},
    "_coverageSchema": "43e27e138ebf9cfc5966b082cf9a028302ed4184",
    "hash": "eb67273302af88629efc62a1d8b03f0849d2a5aa"
  },
  "C:\\Users\\Myself\\Documents\\GitHub\\binnacle-api-react\\src\\api\\OAuthAPI.ts": {
    "path": "C:\\Users\\Myself\\Documents\\GitHub\\binnacle-api-react\\src\\api\\OAuthAPI.ts",
    "statementMap": {
      "0": {
        "start": {
          "line": 6,
          "column": 31
        },
        "end": {
          "line": 9,
          "column": 1
        }
      },
      "1": {
        "start": {
          "line": 11,
          "column": 26
        },
        "end": {
          "line": 13,
          "column": 1
        }
      },
      "2": {
        "start": {
          "line": 15,
          "column": 21
        },
        "end": {
          "line": 32,
          "column": 1
        }
      },
      "3": {
        "start": {
          "line": 16,
          "column": 23
        },
        "end": {
          "line": 16,
          "column": 44
        }
      },
      "4": {
        "start": {
          "line": 17,
          "column": 2
        },
        "end": {
          "line": 17,
          "column": 44
        }
      },
      "5": {
        "start": {
          "line": 18,
          "column": 2
        },
        "end": {
          "line": 18,
          "column": 40
        }
      },
      "6": {
        "start": {
          "line": 19,
          "column": 2
        },
        "end": {
          "line": 19,
          "column": 40
        }
      },
      "7": {
        "start": {
          "line": 21,
          "column": 19
        },
        "end": {
          "line": 28,
          "column": 19
        }
      },
      "8": {
        "start": {
          "line": 30,
          "column": 2
        },
        "end": {
          "line": 30,
          "column": 73
        }
      },
      "9": {
        "start": {
          "line": 31,
          "column": 2
        },
        "end": {
          "line": 31,
          "column": 17
        }
      },
      "10": {
        "start": {
          "line": 34,
          "column": 28
        },
        "end": {
          "line": 49,
          "column": 1
        }
      },
      "11": {
        "start": {
          "line": 35,
          "column": 19
        },
        "end": {
          "line": 45,
          "column": 19
        }
      },
      "12": {
        "start": {
          "line": 47,
          "column": 2
        },
        "end": {
          "line": 47,
          "column": 73
        }
      },
      "13": {
        "start": {
          "line": 48,
          "column": 2
        },
        "end": {
          "line": 48,
          "column": 17
        }
      }
    },
    "fnMap": {
      "0": {
        "name": "(anonymous_0)",
        "decl": {
          "start": {
            "line": 15,
            "column": 21
          },
          "end": {
            "line": 15,
            "column": 22
          }
        },
        "loc": {
          "start": {
            "line": 15,
            "column": 67
          },
          "end": {
            "line": 32,
            "column": 1
          }
        },
        "line": 15
      },
      "1": {
        "name": "(anonymous_1)",
        "decl": {
          "start": {
            "line": 34,
            "column": 28
          },
          "end": {
            "line": 34,
            "column": 29
          }
        },
        "loc": {
          "start": {
            "line": 34,
            "column": 40
          },
          "end": {
            "line": 49,
            "column": 1
          }
        },
        "line": 34
      }
    },
    "branchMap": {},
    "s": {
      "0": 36,
      "1": 36,
      "2": 36,
      "3": 0,
      "4": 0,
      "5": 0,
      "6": 0,
      "7": 0,
      "8": 0,
      "9": 0,
      "10": 36,
      "11": 0,
      "12": 0,
      "13": 0
    },
    "f": {
      "0": 0,
      "1": 0
    },
    "b": {},
    "_coverageSchema": "43e27e138ebf9cfc5966b082cf9a028302ed4184",
    "hash": "43f73f53c27aecde33855f574a6b5539f5828885"
  },
  "C:\\Users\\Myself\\Documents\\GitHub\\binnacle-api-react\\src\\api\\endpoints.ts": {
    "path": "C:\\Users\\Myself\\Documents\\GitHub\\binnacle-api-react\\src\\api\\endpoints.ts",
    "statementMap": {
      "0": {
        "start": {
          "line": 1,
          "column": 24
        },
        "end": {
          "line": 1,
          "column": 30
        }
      },
      "1": {
        "start": {
          "line": 2,
          "column": 19
        },
        "end": {
          "line": 4,
[...]
            "line": 27,
            "column": 25
          }
        },
        "loc": {
          "start": {
            "line": 27,
            "column": 43
          },
          "end": {
            "line": 31,
            "column": 1
          }
        },
        "line": 27
      },
      "2": {
        "name": "TableRow",
        "decl": {
          "start": {
            "line": 38,
            "column": 16
          },
          "end": {
            "line": 38,
            "column": 24
          }
        },
        "loc": {
          "start": {
            "line": 38,
            "column": 42
          },
          "end": {
            "line": 42,
            "column": 1
          }
        },
        "line": 38
      },
      "3": {
        "name": "TableHeader",
        "decl": {
          "start": {
            "line": 48,
            "column": 16
          },
          "end": {
            "line": 48,
            "column": 27
          }
        },
        "loc": {
          "start": {
            "line": 48,
            "column": 45
          },
          "end": {
            "line": 71,
            "column": 1
          }
        },
        "line": 48
      },
      "4": {
        "name": "TableBody",
        "decl": {
          "start": {
            "line": 77,
            "column": 16
          },
          "end": {
            "line": 77,
            "column": 25
          }
        },
        "loc": {
          "start": {
            "line": 77,
            "column": 43
          },
          "end": {
            "line": 84,
            "column": 1
          }
        },
        "line": 77
      },
      "5": {
        "name": "TableCell",
        "decl": {
          "start": {
            "line": 90,
            "column": 16
          },
          "end": {
            "line": 90,
            "column": 25
          }
        },
        "loc": {
          "start": {
            "line": 90,
            "column": 43
          },
          "end": {
            "line": 98,
            "column": 1
          }
        },
        "line": 90
      }
    },
    "branchMap": {},
    "s": {
      "0": 158,
      "1": 158,
      "2": 392,
      "3": 948,
      "4": 948,
      "5": 948,
      "6": 948,
      "7": 158,
      "8": 158,
      "9": 1184
    },
    "f": {
      "0": 158,
      "1": 158,
      "2": 392,
      "3": 948,
      "4": 158,
      "5": 1184
    },
    "b": {},
    "_coverageSchema": "43e27e138ebf9cfc5966b082cf9a028302ed4184",
    "hash": "53eac6d02c80b06b0c6fc4a5505fd9e715d2877c"
  },
  "C:\\Users\\Myself\\Documents\\GitHub\\binnacle-api-react\\src\\pages\\vacation\\VacationTable\\VacationStateBadge.tsx": {
    "path": "C:\\Users\\Myself\\Documents\\GitHub\\binnacle-api-react\\src\\pages\\vacation\\VacationTable\\VacationStateBadge.tsx",
    "statementMap": {
      "0": {
        "start": {
          "line": 6,
          "column": 71
        },
        "end": {
          "line": 24,
          "column": 1
        }
      },
      "1": {
        "start": {
          "line": 9,
          "column": 16
        },
        "end": {
          "line": 9,
          "column": 32
        }
      },
      "2": {
        "start": {
          "line": 11,
          "column": 2
        },
        "end": {
          "line": 13,
          "column": 3
        }
      },
      "3": {
        "start": {
          "line": 12,
          "column": 4
        },
        "end": {
          "line": 12,
          "column": 80
        }
      },
      "4": {
        "start": {
          "line": 15,
          "column": 2
        },
        "end": {
          "line": 17,
          "column": 3
        }
      },
      "5": {
        "start": {
          "line": 16,
          "column": 4
        },
        "end": {
          "line": 16,
          "column": 82
        }
      },
      "6": {
        "start": {
          "line": 19,
          "column": 2
        },
        "end": {
          "line": 21,
          "column": 3
        }
      },
      "7": {
        "start": {
          "line": 20,
          "column": 4
        },
        "end": {
          "line": 20,
          "column": 80
        }
      },
      "8": {
        "start": {
          "line": 23,
          "column": 2
        },
        "end": {
          "line": 23,
          "column": 13
        }
      }
    },
    "fnMap": {
      "0": {
        "name": "(anonymous_0)",
        "decl": {
          "start": {
            "line": 6,
            "column": 71
          },
          "end": {
            "line": 6,
            "column": 72
          }
        },
        "loc": {
          "start": {
            "line": 8,
            "column": 6
          },
          "end": {
            "line": 24,
            "column": 1
          }
        },
        "line": 8
      }
    },
    "branchMap": {
      "0": {
        "loc": {
          "start": {
            "line": 11,
            "column": 2
          },
          "end": {
            "line": 13,
            "column": 3
          }
        },
        "type": "if",
        "locations": [
          {
            "start": {
              "line": 11,
              "column": 2
            },
            "end": {
              "line": 13,
              "column": 3
            }
          },
          {
            "start": {
              "line": 11,
              "column": 2
            },
            "end": {
              "line": 13,
              "column": 3
            }
          }
        ],
        "line": 11
      },
      "1": {
        "loc": {
          "start": {
            "line": 15,
            "column": 2
          },
          "end": {
            "line": 17,
            "column": 3
          }
        },
        "type": "if",
        "locations": [
          {
            "start": {
              "line": 15,
              "column": 2
            },
            "end": {
              "line": 17,
              "column": 3
            }
          },
          {
            "start": {
              "line": 15,
              "column": 2
            },
            "end": {
              "line": 17,
              "column": 3
            }
          }
        ],
        "line": 15
      },
      "2": {
        "loc": {
          "start": {
            "line": 19,
            "column": 2
          },
          "end": {
            "line": 21,
            "column": 3
          }
        },
        "type": "if",
        "locations": [
          {
            "start": {
              "line": 19,
              "column": 2
            },
            "end": {
              "line": 21,
              "column": 3
            }
          },
          {
            "start": {
              "line": 19,
              "column": 2
            },
            "end": {
              "line": 21,
              "column": 3
            }
          }
        ],
        "line": 19
      }
    },
    "s": {
      "0": 24,
      "1": 238,
      "2": 238,
      "3": 48,
      "4": 190,
      "5": 142,
      "6": 48,
      "7": 48,
      "8": 0
    },
    "f": {
      "0": 238
    },
    "b": {
      "0": [
        48,
        190
      ],
      "1": [
        142,
        48
      ],
      "2": [
        48,
        0
      ]
    },
    "_coverageSchema": "43e27e138ebf9cfc5966b082cf9a028302ed4184",
    "hash": "847c43bbbc0796570323a1ab8fef17ffb6bd2aa8"
  },
  "C:\\Users\\Myself\\Documents\\GitHub\\binnacle-api-react\\src\\pages\\vacation\\VacationTable\\RemoveVacationButton.tsx": {
    "path": "C:\\Users\\Myself\\Documents\\GitHub\\binnacle-api-react\\src\\pages\\vacation\\VacationTable\\RemoveVacationButton.tsx",
    "statementMap": {
      "0": {
        "start": {
          "line": 21,
          "column": 53
        },
        "end": {
          "line": 79,
          "column": 1
        }
      },
      "1": {
        "start": {
          "line": 22,
          "column": 16
        },
        "end": {
          "line": 22,
          "column": 32
        }
      },
      "2": {
        "start": {
          "line": 23,
          "column": 39
        },
        "end": {
          "line": 23,
          "column": 69
        }
      },
      "3": {
        "start": {
          "line": 24,
          "column": 30
        },
        "end": {
          "line": 24,
          "column": 51
        }
      },
      "4": {
        "start": {
          "line": 25,
          "column": 18
        },
        "end": {
          "line": 25,
          "column": 40
        }
      },
      "5": {
        "start": {
          "line": 25,
          "column": 24
        },
        "end": {
          "line": 25,
          "column": 40
        }
      },
      "6": {
        "start": {
          "line": 26,
          "column": 20
        },
        "end": {
          "line": 26,
          "column": 52
        }
      },
      "7": {
        "start": {
          "line": 28,
          "column": 38
        },
        "end": {
          "line": 28,
          "column": 53
        }
      },
      "8": {
        "start": {
          "line": 30,
          "column": 23
        },
        "end": {
          "line": 38,
          "column": 3
        }
      },
      "9": {
        "start": {
          "line": 31,
          "column": 4
        },
        "end": {
          "line": 31,
          "column": 23
        }
      },
      "10": {
        "start": {
          "line": 32,
          "column": 4
        },
        "end": {
          "line": 32,
          "column": 54
        }
      },
      "11": {
        "start": {
          "line": 33,
          "column": 4
        },
        "end": {
          "line": 33,
          "column": 24
        }
      },
      "12": {
        "start": {
          "line": 35,
          "column": 4
        },
        "end": {
          "line": 37,
          "column": 6
        }
      },
      "13": {
        "start": {
          "line": 36,
          "column": 6
        },
        "end": {
          "line": 36,
          "column": 31
        }
      },
      "14": {
        "start": {
          "line": 40,
          "column": 2
        },
        "end": {
          "line": 78,
          "column": 3
        }
      },
      "15": {
        "start": {
          "line": 47,
          "column": 23
        },
        "end": {
          "line": 47,
          "column": 38
        }
      }
    },
    "fnMap": {
      "0": {
        "name": "(anonymous_0)",
        "decl": {
          "start": {
            "line": 21,
            "column": 53
          },
          "end": {
            "line": 21,
            "column": 54
          }
        },
        "loc": {
          "start": {
            "line": 21,
            "column": 64
          },
          "end": {
            "line": 79,
            "column": 1
          }
        },
        "line": 21
      },
      "1": {
        "name": "(anonymous_1)",
        "decl": {
          "start": {
            "line": 25,
            "column": 18
          },
          "end": {
            "line": 25,
            "column": 19
          }
        },
        "loc": {
          "start": {
            "line": 25,
            "column": 24
          },
          "end": {
            "line": 25,
            "column": 40
          }
        },
        "line": 25
      },
      "2": {
        "name": "(anonymous_2)",
        "decl": {
          "start": {
            "line": 30,
            "column": 23
          },
          "end": {
            "line": 30,
            "column": 24
          }
        },
        "loc": {
          "start": {
            "line": 30,
            "column": 35
          },
          "end": {
            "line": 38,
            "column": 3
          }
        },
        "line": 30
      },
      "3": {
        "name": "(anonymous_3)",
        "decl": {
          "start": {
            "line": 35,
            "column": 20
          },
          "end": {
            "line": 35,
            "column": 21
          }
        },
        "loc": {
          "start": {
            "line": 35,
            "column": 26
          },
          "end": {
            "line": 37,
            "column": 5
          }
        },
        "line": 35
      },
      "4": {
        "name": "(anonymous_4)",
        "decl": {
          "start": {
            "line": 47,
            "column": 17
          },
          "end": {
            "line": 47,
            "column": 18
          }
        },
        "loc": {
          "start": {
            "line": 47,
            "column": 23
          },
          "end": {
            "line": 47,
            "column": 38
          }
        },
        "line": 47
      }
    },
    "branchMap": {
      "0": {
        "loc": {
          "start": {
            "line": 68,
            "column": 27
          },
          "end": {
            "line": 68,
            "column": 50
          }
        },
        "type": "binary-expr",
        "locations": [
          {
            "start": {
              "line": 68,
              "column": 27
            },
            "end": {
              "line": 68,
              "column": 37
            }
          },
          {
            "start": {
              "line": 68,
              "column": 41
            },
            "end": {
              "line": 68,
              "column": 50
            }
          }
        ],
        "line": 68
      }
    },
    "s": {
      "0": 24,
      "1": 304,
      "2": 304,
      "3": 304,
      "4": 304,
      "5": 26,
      "6": 304,
      "7": 304,
      "8": 304,
      "9": 22,
      "10": 22,
      "11": 22,
      "12": 22,
      "13": 22,
      "14": 304,
      "15": 48
    },
    "f": {
      "0": 304,
      "1": 26,
      "2": 22,
      "3": 22,
      "4": 48
    },
    "b": {
      "0": [
        304,
        282
      ]
    },
    "_coverageSchema": "43e27e138ebf9cfc5966b082cf9a028302ed4184",
    "hash": "85788a2cfb5b843e7fee1791d55dbf2b4cfe51dd"
  },
  "C:\\Users\\Myself\\Documents\\GitHub\\binnacle-api-react\\src\\pages\\vacation\\VacationTable\\VacationTableMobile.tsx": {
    "path": "C:\\Users\\Myself\\Documents\\GitHub\\binnacle-api-react\\src\\pages\\vacation\\VacationTable\\VacationTableMobile.tsx",
    "statementMap": {
      "0": {
        "start": {
          "line": 32,
          "column": 45
        },
        "end": {
          "line": 102,
          "column": 1
        }
      },
      "1": {
        "start": {
          "line": 33,
          "column": 16
        },
        "end": {
          "line": 33,
          "column": 32
        }
      },
      "2": {
        "start": {
          "line": 34,
          "column": 19
        },
        "end": {
          "line": 34,
          "column": 51
        }
      },
      "3": {
        "start": {
          "line": 36,
          "column": 2
        },
        "end": {
          "line": 101,
          "column": 3
        }
      },
      "4": {
        "start": {
          "line": 58,
          "column": 10
        },
        "end": {
          "line": 97,
          "column": 26
        }
      },
      "5": {
        "start": {
          "line": 85,
          "column": 35
        },
        "end": {
          "line": 85,
          "column": 54
        }
      }
    },
    "fnMap": {
      "0": {
        "name": "(anonymous_0)",
        "decl": {
          "start": {
            "line": 32,
            "column": 45
          },
          "end": {
            "line": 32,
            "column": 46
          }
        },
        "loc": {
          "start": {
            "line": 32,
            "column": 56
          },
          "end": {
            "line": 102,
            "column": 1
          }
        },
        "line": 32
      },
      "1": {
        "name": "(anonymous_1)",
        "decl": {
          "start": {
            "line": 57,
            "column": 22
          },
          "end": {
            "line": 57,
            "column": 23
          }
        },
        "loc": {
          "start": {
            "line": 58,
            "column": 10
          },
          "end": {
            "line": 97,
            "column": 26
          }
        },
        "line": 58
      },
      "2": {
        "name": "(anonymous_2)",
        "decl": {
          "start": {
            "line": 85,
            "column": 29
          },
          "end": {
            "line": 85,
            "column": 30
          }
        },
        "loc": {
          "start": {
            "line": 85,
            "column": 35
          },
          "end": {
            "line": 85,
            "column": 54
          }
        },
        "line": 85
      }
    },
    "branchMap": {
      "0": {
        "loc": {
          "start": {
            "line": 55,
            "column": 7
          },
          "end": {
            "line": 55,
            "column": 66
          }
        },
        "type": "binary-expr",
        "locations": [
          {
            "start": {
              "line": 55,
              "column": 7
            },
            "end": {
              "line": 55,
              "column": 28
            }
          },
          {
            "start": {
              "line": 55,
              "column": 32
            },
            "end": {
              "line": 55,
              "column": 66
            }
          }
        ],
        "line": 55
      },
      "1": {
        "loc": {
          "start": {
            "line": 73,
            "column": 52
          },
          "end": {
            "line": 73,
            "column": 76
          }
        },
        "type": "binary-expr",
        "locations": [
          {
            "start": {
              "line": 73,
              "column": 52
            },
            "end": {
              "line": 73,
              "column": 69
            }
          },
          {
            "start": {
              "line": 73,
              "column": 73
            },
            "end": {
              "line": 73,
              "column": 76
            }
          }
        ],
        "line": 73
      },
      "2": {
        "loc": {
          "start": {
            "line": 76,
            "column": 53
          },
          "end": {
            "line": 76,
            "column": 78
          }
        },
        "type": "binary-expr",
        "locations": [
          {
            "start": {
              "line": 76,
              "column": 53
            },
            "end": {
              "line": 76,
              "column": 71
            }
          },
          {
            "start": {
              "line": 76,
              "column": 75
            },
            "end": {
              "line": 76,
              "column": 78
            }
          }
        ],
        "line": 76
      },
      "3": {
        "loc": {
          "start": {
            "line": 78,
            "column": 15
          },
          "end": {
            "line": 95,
            "column": 15
          }
        },
        "type": "binary-expr",
        "locations": [
          {
            "start": {
              "line": 78,
              "column": 15
            },
            "end": {
              "line": 78,
              "column": 58
            }
          },
          {
            "start": {
              "line": 79,
              "column": 16
            },
            "end": {
              "line": 94,
              "column": 24
            }
          }
        ],
        "line": 78
      }
    },
    "s": {
      "0": 12,
      "1": 40,
      "2": 40,
      "3": 40,
      "4": 48,
      "5": 4
    },
    "f": {
      "0": 40,
      "1": 48,
      "2": 4
    },
    "b": {
      "0": [
        40,
        12
      ],
      "1": [
        48,
        10
      ],
      "2": [
        48,
        10
      ],
      "3": [
        48,
        28
      ]
    },
    "_coverageSchema": "43e27e138ebf9cfc5966b082cf9a028302ed4184",
    "hash": "c9af7bb517caaeec32811e61cbbb082015a27064"
  }
}