{
  "C:\\Users\\Myself\\Documents\\GitHub\\binnacle-api-react\\src\\services\\TokenService.ts": {
    "path": "C:\\Users\\Myself\\Documents\\GitHub\\binnacle-api-react\\src\\services\\TokenService.ts",
    "statementMap": {
      "0": {
        "start": {
          "line": 12,
          "column": 45
        },
        "end": {
          "line": 12,
          "column": 54
        }
      },
      "1": {
        "start": {
          "line": 13,
          "column": 46
        },
        "end": {
          "line": 13,
          "column": 55
        }
      },
      "2": {
        "start": {
          "line": 15,
          "column": 14
        },
        "end": {
          "line": 17,
          "column": 3
        }
      },
      "3": {
        "start": {
          "line": 16,
          "column": 4
        },
        "end": {
          "line": 16,
          "column": 78
        }
      },
      "4": {
        "start": {
          "line": 19,
          "column": 14
        },
        "end": {
          "line": 24,
          "column": 3
        }
      },
      "5": {
        "start": {
          "line": 20,
          "column": 4
        },
        "end": {
          "line": 23,
          "column": 5
        }
      },
      "6": {
        "start": {
          "line": 26,
          "column": 17
        },
        "end": {
          "line": 29,
          "column": 3
        }
      },
      "7": {
        "start": {
          "line": 27,
          "column": 4
        },
        "end": {
          "line": 27,
          "column": 33
        }
      },
      "8": {
        "start": {
          "line": 28,
          "column": 4
        },
        "end": {
          "line": 28,
          "column": 34
        }
      },
      "9": {
        "start": {
          "line": 31,
          "column": 16
        },
        "end": {
          "line": 34,
          "column": 3
        }
      },
      "10": {
        "start": {
          "line": 32,
          "column": 4
        },
        "end": {
          "line": 32,
          "column": 36
        }
      },
      "11": {
        "start": {
          "line": 33,
          "column": 4
        },
        "end": {
          "line": 33,
          "column": 38
        }
      },
      "12": {
        "start": {
          "line": 38,
          "column": 24
        },
        "end": {
          "line": 38,
          "column": 41
        }
      },
      "13": {
        "start": {
          "line": 40,
          "column": 14
        },
        "end": {
          "line": 42,
          "column": 3
        }
      },
      "14": {
        "start": {
          "line": 41,
          "column": 4
        },
        "end": {
          "line": 41,
          "column": 52
        }
      },
      "15": {
        "start": {
          "line": 44,
          "column": 14
        },
        "end": {
          "line": 55,
          "column": 3
        }
      },
      "16": {
        "start": {
          "line": 45,
          "column": 19
        },
        "end": {
          "line": 45,
          "column": 51
        }
      },
      "17": {
        "start": {
          "line": 47,
          "column": 4
        },
        "end": {
          "line": 49,
          "column": 5
        }
      },
      "18": {
        "start": {
          "line": 48,
          "column": 6
        },
        "end": {
          "line": 48,
          "column": 31
        }
      },
      "19": {
        "start": {
          "line": 51,
          "column": 4
        },
        "end": {
          "line": 54,
          "column": 5
        }
      },
      "20": {
        "start": {
          "line": 57,
          "column": 17
        },
        "end": {
          "line": 59,
          "column": 3
        }
      },
      "21": {
        "start": {
          "line": 58,
          "column": 4
        },
        "end": {
          "line": 58,
          "column": 39
        }
      },
      "22": {
        "start": {
          "line": 61,
          "column": 16
        },
        "end": {
          "line": 67,
          "column": 3
        }
      },
      "23": {
        "start": {
          "line": 62,
          "column": 19
        },
        "end": {
          "line": 65,
          "column": 5
        }
      },
      "24": {
        "start": {
          "line": 66,
          "column": 4
        },
        "end": {
          "line": 66,
          "column": 60
        }
      },
      "25": {
        "start": {
          "line": 73,
          "column": 23
        },
        "end": {
          "line": 73,
          "column": 57
        }
      },
      "26": {
        "start": {
          "line": 73,
          "column": 29
        },
        "end": {
          "line": 73,
          "column": 57
        }
      },
      "27": {
        "start": {
          "line": 74,
          "column": 14
        },
        "end": {
          "line": 74,
          "column": 48
        }
      },
      "28": {
        "start": {
          "line": 74,
          "column": 20
        },
        "end": {
          "line": 74,
          "column": 48
        }
      },
      "29": {
        "start": {
          "line": 75,
          "column": 17
        },
        "end": {
          "line": 75,
          "column": 54
        }
      },
      "30": {
        "start": {
          "line": 75,
          "column": 23
        },
        "end": {
          "line": 75,
          "column": 54
        }
      },
      "31": {
        "start": {
          "line": 76,
          "column": 16
        },
        "end": {
          "line": 77,
          "column": 61
        }
      },
      "32": {
        "start": {
          "line": 77,
          "column": 4
        },
        "end": {
          "line": 77,
          "column": 61
        }
      },
      "33": {
        "start": {
          "line": 82,
          "column": 27
        },
        "end": {
          "line": 82,
          "column": 55
        }
      },
      "34": {
        "start": {
          "line": 84,
          "column": 2
        },
        "end": {
          "line": 88,
          "column": 3
        }
      },
      "35": {
        "start": {
          "line": 85,
          "column": 4
        },
        "end": {
          "line": 85,
          "column": 53
        }
      },
      "36": {
        "start": {
          "line": 87,
          "column": 4
        },
        "end": {
          "line": 87,
          "column": 52
        }
      },
      "37": {
        "start": {
          "line": 91,
          "column": 28
        },
        "end": {
          "line": 91,
          "column": 45
        }
      }
    },
    "fnMap": {
      "0": {
        "name": "(anonymous_0)",
        "decl": {
          "start": {
            "line": 15,
            "column": 14
          },
          "end": {
            "line": 15,
            "column": 15
          }
        },
        "loc": {
          "start": {
            "line": 15,
            "column": 20
          },
          "end": {
            "line": 17,
            "column": 3
          }
        },
        "line": 15
      },
      "1": {
        "name": "(anonymous_1)",
        "decl": {
          "start": {
            "line": 19,
            "column": 14
          },
          "end": {
            "line": 19,
            "column": 15
          }
        },
        "loc": {
          "start": {
            "line": 19,
            "column": 20
          },
          "end": {
            "line": 24,
            "column": 3
          }
        },
        "line": 19
      },
      "2": {
        "name": "(anonymous_2)",
        "decl": {
          "start": {
            "line": 26,
            "column": 17
          },
          "end": {
            "line": 26,
            "column": 18
          }
        },
        "loc": {
          "start": {
            "line": 26,
            "column": 23
          },
          "end": {
            "line": 29,
            "column": 3
          }
        },
        "line": 26
      },
      "3": {
        "name": "(anonymous_3)",
        "decl": {
          "start": {
            "line": 31,
            "column": 16
          },
          "end": {
            "line": 31,
            "column": 17
          }
        },
        "loc": {
          "start": {
            "line": 31,
            "column": 65
          },
          "end": {
            "line": 34,
            "column": 3
          }
        },
        "line": 31
      },
      "4": {
        "name": "(anonymous_4)",
        "decl": {
          "start": {
            "line": 40,
            "column": 14
          },
          "end": {
            "line": 40,
            "column": 15
          }
        },
        "loc": {
          "start": {
            "line": 40,
            "column": 20
          },
          "end": {
            "line": 42,
            "column": 3
          }
        },
        "line": 40
      },
      "5": {
        "name": "(anonymous_5)",
        "decl": {
          "start": {
            "line": 44,
            "column": 14
          },
          "end": {
            "line": 44,
            "column": 15
          }
        },
        "loc": {
          "start": {
            "line": 44,
            "column": 20
          },
          "end": {
            "line": 55,
            "column": 3
          }
        },
        "line": 44
      },
      "6": {
        "name": "(anonymous_6)",
        "decl": {
          "start": {
            "line": 57,
            "column": 17
          },
          "end": {
            "line": 57,
            "column": 18
          }
        },
        "loc": {
          "start": {
            "line": 57,
            "column": 23
          },
          "end": {
            "line": 59,
            "column": 3
          }
        },
        "line": 57
      },
      "7": {
        "name": "(anonymous_7)",
        "decl": {
          "start": {
            "line": 61,
            "column": 16
          },
          "end": {
            "line": 61,
            "column": 17
          }
        },
        "loc": {
          "start": {
            "line": 61,
            "column": 65
          },
          "end": {
            "line": 67,
            "column": 3
          }
        },
        "line": 61
      },
      "8": {
        "name": "(anonymous_8)",
        "decl": {
          "start": {
            "line": 71,
            "column": 2
          },
          "end": {
            "line": 71,
            "column": 3
          }
        },
        "loc": {
          "start": {
            "line": 71,
            "column": 48
          },
          "end": {
            "line": 71,
            "column": 50
          }
        },
        "line": 71
      },
      "9": {
        "name": "(anonymous_9)",
        "decl": {
          "start": {
            "line": 73,
            "column": 23
          },
          "end": {
            "line": 73,
            "column": 24
          }
        },
        "loc": {
          "start": {
            "line": 73,
            "column": 29
          },
          "end": {
            "line": 73,
            "column": 57
          }
        },
        "line": 73
      },
      "10": {
        "name": "(anonymous_10)",
        "decl": {
          "start": {
            "line": 74,
            "column": 14
          },
          "end": {
            "line": 74,
            "column": 15
          }
        },
        "loc": {
          "start": {
            "line": 74,
            "column": 20
          },
          "end": {
            "line": 74,
            "column": 48
          }
        },
        "line": 74
      },
      "11": {
        "name": "(anonymous_11)",
        "decl": {
          "start": {
            "line": 75,
            "column": 17
          },
          "end": {
            "line": 75,
            "column": 18
          }
        },
        "loc": {
          "start": {
            "line": 75,
            "column": 23
          },
          "end": {
            "line": 75,
            "column": 54
          }
        },
        "line": 75
      },
      "12": {
        "name": "(anonymous_12)",
        "decl": {
          "start": {
            "line": 76,
            "column": 16
          },
          "end": {
            "line": 76,
            "column": 17
          }
        },
        "loc": {
          "start": {
            "line": 77,
            "column": 4
          },
          "end": {
            "line": 77,
            "column": 61
          }
        },
        "line": 77
      },
      "13": {
        "name": "getTokenManager",
        "decl": {
          "start": {
            "line": 80,
            "column": 9
          },
          "end": {
            "line": 80,
            "column": 24
          }
        },
        "loc": {
          "start": {
            "line": 80,
            "column": 27
          },
          "end": {
            "line": 89,
            "column": 1
          }
        },
        "line": 80
      }
    },
    "branchMap": {
      "0": {
        "loc": {
          "start": {
            "line": 16,
            "column": 11
          },
          "end": {
            "line": 16,
            "column": 78
          }
        },
        "type": "binary-expr",
        "locations": [
          {
            "start": {
              "line": 16,
              "column": 11
            },
            "end": {
              "line": 16,
              "column": 42
            }
          },
          {
            "start": {
              "line": 16,
              "column": 46
            },
            "end": {
              "line": 16,
              "column": 78
            }
          }
        ],
        "line": 16
      },
      "1": {
        "loc": {
          "start": {
            "line": 47,
            "column": 4
          },
          "end": {
            "line": 49,
            "column": 5
          }
        },
        "type": "if",
        "locations": [
          {
            "start": {
              "line": 47,
              "column": 4
            },
            "end": {
              "line": 49,
              "column": 5
            }
          },
          {
            "start": {
              "line": 47,
              "column": 4
            },
            "end": {
              "line": 49,
              "column": 5
            }
          }
        ],
        "line": 47
      },
      "2": {
        "loc": {
          "start": {
            "line": 84,
            "column": 2
          },
          "end": {
            "line": 88,
            "column": 3
          }
        },
        "type": "if",
        "locations": [
          {
            "start": {
              "line": 84,
              "column": 2
            },
            "end": {
              "line": 88,
              "column": 3
            }
          },
          {
            "start": {
              "line": 84,
              "column": 2
            },
            "end": {
              "line": 88,
              "column": 3
            }
          }
        ],
        "line": 84
      }
    },
    "s": {
      "0": 0,
      "1": 0,
      "2": 0,
      "3": 0,
      "4": 0,
      "5": 0,
      "6": 0,
      "7": 0,
      "8": 0,
      "9": 0,
      "10": 0,
      "11": 0,
      "12": 57,
      "13": 57,
      "14": 8,
      "15": 57,
      "16": 2,
      "17": 2,
      "18": 0,
      "19": 2,
      "20": 57,
      "21": 0,
      "22": 57,
      "23": 0,
      "24": 0,
      "25": 57,
      "26": 8,
      "27": 57,
      "28": 2,
      "29": 57,
      "30": 0,
      "31": 57,
      "32": 0,
      "33": 57,
      "34": 57,
      "35": 57,
      "36": 0,
      "37": 57
    },
    "f": {
      "0": 0,
      "1": 0,
      "2": 0,
      "3": 0,
      "4": 8,
      "5": 2,
      "6": 0,
      "7": 0,
      "8": 57,
      "9": 8,
      "10": 2,
      "11": 0,
      "12": 0,
      "13": 57
    },
    "b": {
      "0": [
        0,
        0
      ],
      "1": [
        0,
        2
      ],
      "2": [
        57,
        0
      ]
    },
    "_coverageSchema": "43e27e138ebf9cfc5966b082cf9a028302ed4184",
    "hash": "952054e2b917ebb9df593aff7a3a74af6bf7df1c"
  },
  "C:\\Users\\Myself\\Documents\\GitHub\\binnacle-api-react\\src\\test-utils\\app-test-utils.tsx": {
    "path": "C:\\Users\\Myself\\Documents\\GitHub\\binnacle-api-react\\src\\test-utils\\app-test-utils.tsx",
    "statementMap": {
      "0": {
        "start": {
          "line": 7,
          "column": 2
        },
        "end": {
          "line": 7,
          "column": 56
        }
      }
    },
    "fnMap": {
      "0": {
        "name": "render",
        "decl": {
          "start": {
            "line": 6,
            "column": 9
          },
          "end": {
            "line": 6,
            "column": 15
          }
        },
        "loc": {
          "start": {
            "line": 6,
            "column": 40
          },
          "end": {
            "line": 8,
            "column": 1
          }
        },
        "line": 6
      }
    },
    "branchMap": {},
    "s": {
      "0": 133
    },
    "f": {
      "0": 133
    },
    "b": {},
    "_coverageSchema": "43e27e138ebf9cfc5966b082cf9a028302ed4184",
    "hash": "05c8bcf9f8f2fcdc9583b5f9fbefa2a7f6d2bec2"
  },
  "C:\\Users\\Myself\\Documents\\GitHub\\binnacle-api-react\\src\\app\\AppProviders.tsx": {
    "path": "C:\\Users\\Myself\\Documents\\GitHub\\binnacle-api-react\\src\\app\\AppProviders.tsx",
    "statementMap": {
      "0": {
        "start": {
          "line": 5,
          "column": 33
        },
        "end": {
          "line": 8,
          "column": 1
        }
      },
      "1": {
        "start": {
          "line": 10,
          "column": 16
        },
        "end": {
          "line": 13,
          "column": 1
        }
      },
      "2": {
        "start": {
          "line": 16,
          "column": 2
        },
        "end": {
          "line": 21,
          "column": 3
        }
      }
    },
    "fnMap": {
      "0": {
        "name": "AppProviders",
        "decl": {
          "start": {
            "line": 15,
            "column": 16
          },
          "end": {
            "line": 15,
            "column": 28
          }
        },
        "loc": {
          "start": {
            "line": 15,
            "column": 67
          },
          "end": {
            "line": 22,
            "column": 1
          }
        },
        "line": 15
      }
    },
    "branchMap": {},
    "s": {
      "0": 28,
      "1": 28,
      "2": 133
    },
    "f": {
      "0": 133
    },
    "b": {},
    "_coverageSchema": "43e27e138ebf9cfc5966b082cf9a028302ed4184",
    "hash": "c9cccfd52531ba212ca92d3ed95bd99f21c7cae1"
  },
  "C:\\Users\\Myself\\Documents\\GitHub\\binnacle-api-react\\src\\app\\i18n.ts": {
    "path": "C:\\Users\\Myself\\Documents\\GitHub\\binnacle-api-react\\src\\app\\i18n.ts",
    "statementMap": {
      "0": {
        "start": {
          "line": 7,
          "column": 18
        },
        "end": {
          "line": 14,
          "column": 1
        }
      },
      "1": {
        "start": {
          "line": 16,
          "column": 0
        },
        "end": {
          "line": 38,
          "column": 4
        }
      }
    },
    "fnMap": {},
    "branchMap": {},
    "s": {
      "0": 28,
      "1": 28
    },
    "f": {},
    "b": {},
    "_coverageSchema": "43e27e138ebf9cfc5966b082cf9a028302ed4184",
    "hash": "bb42330d5c94b996af59ba0c3285933128434e24"
  },
  "C:\\Users\\Myself\\Documents\\GitHub\\binnacle-api-react\\src\\pages\\vacation\\RequestVacationForm.tsx": {
    "path": "C:\\Users\\Myself\\Documents\\GitHub\\binnacle-api-react\\src\\pages\\vacation\\RequestVacationForm.tsx",
    "statementMap": {
      "0": {
        "start": {
          "line": 37,
          "column": 52
        },
        "end": {
          "line": 215,
          "column": 1
        }
      },
      "1": {
        "start": {
          "line": 38,
          "column": 16
        },
        "end": {
          "line": 38,
          "column": 32
        }
      },
      "2": {
        "start": {
          "line": 39,
          "column": 39
        },
        "end": {
          "line": 39,
          "column": 69
        }
      },
      "3": {
        "start": {
          "line": 42,
          "column": 17
        },
        "end": {
          "line": 76,
          "column": 3
        }
      },
      "4": {
        "start": {
          "line": 60,
          "column": 41
        },
        "end": {
          "line": 60,
          "column": 52
        }
      },
      "5": {
        "start": {
          "line": 61,
          "column": 10
        },
        "end": {
          "line": 61,
          "column": 63
        }
      },
      "6": {
        "start": {
          "line": 70,
          "column": 12
        },
        "end": {
          "line": 70,
          "column": 85
        }
      },
      "7": {
        "start": {
          "line": 78,
          "column": 22
        },
        "end": {
          "line": 81,
          "column": 4
        }
      },
      "8": {
        "start": {
          "line": 83,
          "column": 23
        },
        "end": {
          "line": 106,
          "column": 3
        }
      },
      "9": {
        "start": {
          "line": 84,
          "column": 36
        },
        "end": {
          "line": 84,
          "column": 59
        }
      },
      "10": {
        "start": {
          "line": 86,
          "column": 17
        },
        "end": {
          "line": 92,
          "column": 5
        }
      },
      "11": {
        "start": {
          "line": 94,
          "column": 4
        },
        "end": {
          "line": 94,
          "column": 29
        }
      },
      "12": {
        "start": {
          "line": 96,
          "column": 4
        },
        "end": {
          "line": 100,
          "column": 5
        }
      },
      "13": {
        "start": {
          "line": 97,
          "column": 6
        },
        "end": {
          "line": 97,
          "column": 45
        }
      },
      "14": {
        "start": {
          "line": 99,
          "column": 6
        },
        "end": {
          "line": 99,
          "column": 45
        }
      },
      "15": {
        "start": {
          "line": 102,
          "column": 4
        },
        "end": {
          "line": 105,
          "column": 6
        }
      },
      "16": {
        "start": {
          "line": 103,
          "column": 6
        },
        "end": {
          "line": 103,
          "column": 62
        }
      },
      "17": {
        "start": {
          "line": 104,
          "column": 6
        },
        "end": {
          "line": 104,
          "column": 21
        }
      },
      "18": {
        "start": {
          "line": 108,
          "column": 2
        },
        "end": {
          "line": 214,
          "column": 3
        }
      },
      "19": {
        "start": {
          "line": 125,
          "column": 14
        },
        "end": {
          "line": 208,
          "column": 17
        }
      },
      "20": {
        "start": {
          "line": 130,
          "column": 24
        },
        "end": {
          "line": 143,
          "column": 38
        }
      },
      "21": {
        "start": {
          "line": 148,
          "column": 24
        },
        "end": {
          "line": 161,
          "column": 38
        }
      },
      "22": {
        "start": {
          "line": 166,
          "column": 24
        },
        "end": {
          "line": 173,
          "column": 38
        }
      },
      "23": {
        "start": {
          "line": 178,
          "column": 24
        },
        "end": {
          "line": 191,
          "column": 38
        }
      },
      "24": {
        "start": {
          "line": 185,
          "column": 30
        },
        "end": {
          "line": 187,
          "column": 39
        }
      },
      "25": {
        "start": {
          "line": 217,
          "column": 0
        },
        "end": {
          "line": 220,
          "column": 1
        }
      }
    },
    "fnMap": {
      "0": {
        "name": "(anonymous_0)",
        "decl": {
          "start": {
            "line": 37,
            "column": 52
          },
          "end": {
            "line": 37,
            "column": 53
          }
        },
        "loc": {
          "start": {
            "line": 37,
            "column": 63
          },
          "end": {
            "line": 215,
            "column": 1
          }
        },
        "line": 37
      },
      "1": {
        "name": "(anonymous_1)",
        "decl": {
          "start": {
            "line": 59,
            "column": 63
          },
          "end": {
            "line": 59,
            "column": 64
          }
        },
        "loc": {
          "start": {
            "line": 59,
            "column": 79
          },
          "end": {
            "line": 62,
            "column": 9
          }
        },
        "line": 59
      },
      "2": {
        "name": "(anonymous_2)",
        "decl": {
          "start": {
            "line": 69,
            "column": 10
          },
          "end": {
            "line": 69,
            "column": 11
          }
        },
        "loc": {
          "start": {
            "line": 70,
            "column": 12
          },
          "end": {
            "line": 70,
            "column": 85
          }
        },
        "line": 70
      },
      "3": {
        "name": "(anonymous_3)",
        "decl": {
          "start": {
            "line": 83,
            "column": 23
          },
          "end": {
            "line": 83,
            "column": 24
          }
        },
        "loc": {
          "start": {
            "line": 83,
            "column": 53
          },
          "end": {
            "line": 106,
            "column": 3
          }
        },
        "line": 83
      },
      "4": {
        "name": "(anonymous_4)",
        "decl": {
          "start": {
            "line": 102,
            "column": 20
          },
          "end": {
            "line": 102,
            "column": 21
          }
        },
        "loc": {
          "start": {
            "line": 102,
            "column": 26
          },
          "end": {
            "line": 105,
            "column": 5
          }
        },
        "line": 102
      },
      "5": {
        "name": "(anonymous_5)",
        "decl": {
          "start": {
            "line": 124,
            "column": 13
          },
          "end": {
            "line": 124,
            "column": 14
          }
        },
        "loc": {
          "start": {
            "line": 125,
            "column": 14
          },
          "end": {
            "line": 208,
            "column": 17
          }
        },
        "line": 125
      },
      "6": {
        "name": "(anonymous_6)",
        "decl": {
          "start": {
            "line": 129,
            "column": 23
          },
          "end": {
            "line": 129,
            "column": 24
          }
        },
        "loc": {
          "start": {
            "line": 130,
            "column": 24
          },
          "end": {
            "line": 143,
            "column": 38
          }
        },
        "line": 130
      },
      "7": {
        "name": "(anonymous_7)",
        "decl": {
          "start": {
            "line": 147,
            "column": 23
          },
          "end": {
            "line": 147,
            "column": 24
          }
        },
        "loc": {
          "start": {
            "line": 148,
            "column": 24
          },
          "end": {
            "line": 161,
            "column": 38
          }
        },
        "line": 148
      },
      "8": {
        "name": "(anonymous_8)",
        "decl": {
          "start": {
            "line": 165,
            "column": 23
          },
          "end": {
            "line": 165,
            "column": 24
          }
        },
        "loc": {
          "start": {
            "line": 166,
            "column": 24
          },
          "end": {
            "line": 173,
            "column": 38
          }
        },
        "line": 166
      },
      "9": {
        "name": "(anonymous_9)",
        "decl": {
          "start": {
            "line": 177,
            "column": 23
          },
          "end": {
            "line": 177,
            "column": 24
          }
        },
        "loc": {
          "start": {
            "line": 178,
            "column": 24
          },
          "end": {
            "line": 191,
            "column": 38
          }
        },
        "line": 178
      },
      "10": {
        "name": "(anonymous_10)",
        "decl": {
          "start": {
            "line": 184,
            "column": 53
          },
          "end": {
            "line": 184,
            "column": 54
          }
        },
        "loc": {
          "start": {
            "line": 185,
            "column": 30
          },
          "end": {
            "line": 187,
            "column": 39
          }
        },
        "line": 185
      }
    },
    "branchMap": {
      "0": {
        "loc": {
          "start": {
            "line": 96,
            "column": 4
          },
          "end": {
            "line": 100,
            "column": 5
          }
        },
        "type": "if",
        "locations": [
          {
            "start": {
              "line": 96,
              "column": 4
            },
            "end": {
              "line": 100,
              "column": 5
            }
          },
          {
            "start": {
              "line": 96,
              "column": 4
            },
            "end": {
              "line": 100,
              "column": 5
            }
          }
        ],
        "line": 96
      },
      "1": {
        "loc": {
          "start": {
            "line": 132,
            "column": 37
          },
          "end": {
            "line": 132,
            "column": 63
          }
        },
        "type": "binary-expr",
        "locations": [
          {
            "start": {
              "line": 132,
              "column": 37
            },
            "end": {
              "line": 132,
              "column": 47
            }
          },
          {
            "start": {
              "line": 132,
              "column": 51
            },
            "end": {
              "line": 132,
              "column": 63
            }
          }
        ],
        "line": 132
      },
      "2": {
        "loc": {
          "start": {
            "line": 150,
            "column": 37
          },
          "end": {
            "line": 150,
            "column": 63
          }
        },
        "type": "binary-expr",
        "locations": [
          {
            "start": {
              "line": 150,
              "column": 37
            },
            "end": {
              "line": 150,
              "column": 47
            }
          },
          {
            "start": {
              "line": 150,
              "column": 51
            },
            "end": {
              "line": 150,
              "column": 63
            }
          }
        ],
        "line": 150
      },
      "3": {
        "loc": {
          "start": {
            "line": 168,
            "column": 37
          },
          "end": {
            "line": 168,
            "column": 63
          }
        },
        "type": "binary-expr",
        "locations": [
          {
            "start": {
              "line": 168,
              "column": 37
            },
            "end": {
              "line": 168,
              "column": 47
            }
          },
          {
            "start": {
              "line": 168,
              "column": 51
            },
            "end": {
              "line": 168,
              "column": 63
            }
          }
        ],
        "line": 168
      },
      "4": {
        "loc": {
          "start": {
            "line": 180,
            "column": 37
          },
          "end": {
            "line": 180,
            "column": 63
          }
        },
        "type": "binary-expr",
        "locations": [
          {
            "start": {
              "line": 180,
              "column": 37
            },
            "end": {
              "line": 180,
              "column": 47
            }
          },
          {
            "start": {
              "line": 180,
              "column": 51
            },
            "end": {
              "line": 180,
              "column": 63
            }
          }
        ],
        "line": 180
      },
      "5": {
        "loc": {
          "start": {
            "line": 201,
            "column": 22
          },
          "end": {
            "line": 201,
            "column": 80
          }
        },
        "type": "binary-expr",
        "locations": [
          {
            "start": {
              "line": 201,
              "column": 23
            },
            "end": {
              "line": 201,
              "column": 43
            }
          },
          {
            "start": {
              "line": 201,
              "column": 47
            },
            "end": {
              "line": 201,
              "column": 66
            }
          },
          {
            "start": {
              "line": 201,
              "column": 71
            },
            "end": {
              "line": 201,
              "column": 80
            }
          }
        ],
        "line": 201
      }
    },
    "s": {
      "0": 14,
      "1": 90,
      "2": 90,
      "3": 90,
      "4": 466,
      "5": 466,
      "6": 228,
      "7": 90,
      "8": 90,
      "9": 18,
      "10": 18,
      "11": 18,
      "12": 13,
      "13": 9,
      "14": 14,
      "15": 18,
      "16": 18,
      "17": 54,
      "18": 501,
      "19": 815,
      "20": 718,
      "21": 718,
      "22": 718,
      "23": 1077,
      "24": 725,
      "25": 7
    },
    "f": {
      "0": 90,
      "1": 466,
      "2": 228,
      "3": 18,
      "4": 18,
      "5": 912,
      "6": 718,
      "7": 718,
      "8": 718,
      "9": 718,
      "10": 1436
    },
    "b": {
      "0": [
        8,
        10
      ],
      "1": [
        718,
        180
      ],
      "2": [
        718,
        270
      ],
      "3": [
        718,
        324
      ],
      "4": [
        718,
        0
      ],
      "5": [
        912,
        872,
        834
      ]
    },
    "_coverageSchema": "43e27e138ebf9cfc5966b082cf9a028302ed4184",
    "hash": "673e060521102aecedb03631a0babb975cf060a5"
  },
  "C:\\Users\\Myself\\Documents\\GitHub\\binnacle-api-react\\src\\utils\\constants.ts": {
    "path": "C:\\Users\\Myself\\Documents\\GitHub\\binnacle-api-react\\src\\utils\\constants.ts",
    "statementMap": {
      "0": {
        "start": {
          "line": 1,
          "column": 31
        },
        "end": {
          "line": 5,
          "column": 1
        }
      }
    },
    "fnMap": {},
    "branchMap": {},
    "s": {
      "0": 28
    },
    "f": {},
    "b": {},
    "_coverageSchema": "43e27e138ebf9cfc5966b082cf9a028302ed4184",
    "hash": "d196557b0589f4048ac5db32bf58a971868971d3"
  },
  "C:\\Users\\Myself\\Documents\\GitHub\\binnacle-api-react\\src\\api\\vacation\\createVacationPeriod.ts": {
    "path": "C:\\Users\\Myself\\Documents\\GitHub\\binnacle-api-react\\src\\api\\vacation\\createVacationPeriod.ts",
    "statementMap": {
      "0": {
        "start": {
          "line": 6,
          "column": 2
        },
        "end": {
          "line": 6,
          "column": 60
        }
      }
    },
    "fnMap": {
      "0": {
        "name": "createVacationPeriod",
        "decl": {
          "start": {
            "line": 5,
            "column": 30
          },
          "end": {
            "line": 5,
            "column": 50
          }
        },
        "loc": {
          "start": {
            "line": 5,
            "column": 84
          },
          "end": {
            "line": 7,
            "column": 1
          }
        },
        "line": 5
      }
    },
    "branchMap": {},
    "s": {
      "0": 0
    },
    "f": {
      "0": 0
    },
    "b": {},
    "_coverageSchema": "43e27e138ebf9cfc5966b082cf9a028302ed4184",
    "hash": "7febed54786a2df3f46feb6257e2cf7c5d31bd03"
  },
  "C:\\Users\\Myself\\Documents\\GitHub\\binnacle-api-react\\src\\services\\HttpClient.ts": {
    "path": "C:\\Users\\Myself\\Documents\\GitHub\\binnacle-api-react\\src\\services\\HttpClient.ts",
    "statementMap": {
      "0": {
        "start": {
          "line": 7,
          "column": 55
        },
        "end": {
          "line": 7,
          "column": 64
        }
      },
      "1": {
        "start": {
          "line": 8,
          "column": 32
        },
        "end": {
          "line": 17,
          "column": 7
        }
      },
      "2": {
        "start": {
          "line": 9,
          "column": 2
        },
        "end": {
          "line": 17,
          "column": 7
        }
      },
      "3": {
        "start": {
          "line": 11,
          "column": 4
        },
        "end": {
          "line": 16,
          "column": 5
        }
      },
      "4": {
        "start": {
          "line": 12,
          "column": 6
        },
        "end": {
          "line": 12,
          "column": 33
        }
      },
      "5": {
        "start": {
          "line": 14,
          "column": 6
        },
        "end": {
          "line": 14,
          "column": 37
        }
      },
      "6": {
        "start": {
          "line": 15,
          "column": 6
        },
        "end": {
          "line": 15,
          "column": 13
        }
      },
      "7": {
        "start": {
          "line": 20,
          "column": 2
        },
        "end": {
          "line": 21,
          "column": 53
        }
      },
      "8": {
        "start": {
          "line": 23,
          "column": 30
        },
        "end": {
          "line": 29,
          "column": 2
        }
      },
      "9": {
        "start": {
          "line": 31,
          "column": 19
        },
        "end": {
          "line": 58,
          "column": 2
        }
      },
      "10": {
        "start": {
          "line": 35,
          "column": 8
        },
        "end": {
          "line": 38,
          "column": 9
        }
      },
      "11": {
        "start": {
          "line": 43,
          "column": 8
        },
        "end": {
          "line": 53,
          "column": 9
        }
      },
      "12": {
        "start": {
          "line": 44,
          "column": 10
        },
        "end": {
          "line": 52,
          "column": 11
        }
      },
      "13": {
        "start": {
          "line": 45,
          "column": 26
        },
        "end": {
          "line": 45,
          "column": 57
        }
      },
      "14": {
        "start": {
          "line": 46,
          "column": 12
        },
        "end": {
          "line": 46,
          "column": 43
        }
      },
      "15": {
        "start": {
          "line": 47,
          "column": 12
        },
        "end": {
          "line": 47,
          "column": 80
        }
      },
      "16": {
        "start": {
          "line": 48,
          "column": 12
        },
        "end": {
          "line": 48,
          "column": 30
        }
      },
      "17": {
        "start": {
          "line": 50,
          "column": 12
        },
        "end": {
          "line": 50,
          "column": 39
        }
      },
      "18": {
        "start": {
          "line": 51,
          "column": 12
        },
        "end": {
          "line": 51,
          "column": 27
        }
      },
      "19": {
        "start": {
          "line": 54,
          "column": 8
        },
        "end": {
          "line": 54,
          "column": 23
        }
      }
    },
    "fnMap": {
      "0": {
        "name": "(anonymous_0)",
        "decl": {
          "start": {
            "line": 8,
            "column": 32
          },
          "end": {
            "line": 8,
            "column": 33
          }
        },
        "loc": {
          "start": {
            "line": 9,
            "column": 2
          },
          "end": {
            "line": 17,
            "column": 7
          }
        },
        "line": 9
      },
      "1": {
        "name": "(anonymous_1)",
        "decl": {
          "start": {
            "line": 10,
            "column": 26
          },
          "end": {
            "line": 10,
            "column": 27
          }
        },
        "loc": {
          "start": {
            "line": 10,
            "column": 38
          },
          "end": {
            "line": 17,
            "column": 3
          }
        },
        "line": 10
      },
      "2": {
        "name": "(anonymous_2)",
        "decl": {
          "start": {
            "line": 34,
            "column": 6
          },
          "end": {
            "line": 34,
            "column": 7
          }
        },
        "loc": {
          "start": {
            "line": 34,
            "column": 28
          },
          "end": {
            "line": 39,
            "column": 7
          }
        },
        "line": 34
      },
      "3": {
        "name": "(anonymous_3)",
        "decl": {
          "start": {
            "line": 42,
            "column": 6
          },
          "end": {
            "line": 42,
            "column": 7
          }
        },
        "loc": {
          "start": {
            "line": 42,
            "column": 44
          },
          "end": {
            "line": 55,
            "column": 7
          }
        },
        "line": 42
      }
    },
    "branchMap": {
      "0": {
        "loc": {
          "start": {
            "line": 9,
            "column": 2
          },
          "end": {
            "line": 17,
            "column": 7
          }
        },
        "type": "binary-expr",
        "locations": [
          {
            "start": {
              "line": 9,
              "column": 2
            },
            "end": {
              "line": 9,
              "column": 21
            }
          },
          {
            "start": {
              "line": 10,
              "column": 3
            },
            "end": {
              "line": 17,
              "column": 6
            }
          }
        ],
        "line": 9
      },
      "1": {
        "loc": {
          "start": {
            "line": 20,
            "column": 3
          },
          "end": {
            "line": 20,
            "column": 63
          }
        },
        "type": "binary-expr",
        "locations": [
          {
            "start": {
              "line": 20,
              "column": 3
            },
            "end": {
              "line": 20,
              "column": 37
            }
          },
          {
            "start": {
              "line": 20,
              "column": 41
            },
            "end": {
              "line": 20,
              "column": 63
            }
          }
        ],
        "line": 20
      },
      "2": {
        "loc": {
          "start": {
            "line": 21,
            "column": 3
          },
          "end": {
            "line": 21,
            "column": 52
          }
        },
        "type": "binary-expr",
        "locations": [
          {
            "start": {
              "line": 21,
              "column": 3
            },
            "end": {
              "line": 21,
              "column": 46
            }
          },
          {
            "start": {
              "line": 21,
              "column": 50
            },
            "end": {
              "line": 21,
              "column": 52
            }
          }
        ],
        "line": 21
      },
      "3": {
        "loc": {
          "start": {
            "line": 43,
            "column": 8
          },
          "end": {
            "line": 53,
            "column": 9
          }
        },
        "type": "if",
        "locations": [
          {
            "start": {
              "line": 43,
              "column": 8
            },
            "end": {
              "line": 53,
              "column": 9
            }
          },
          {
            "start": {
              "line": 43,
              "column": 8
            },
            "end": {
              "line": 53,
              "column": 9
            }
          }
        ],
        "line": 43
      }
    },
    "s": {
      "0": 28,
      "1": 28,
      "2": 0,
      "3": 0,
      "4": 0,
      "5": 0,
      "6": 0,
      "7": 28,
      "8": 28,
      "9": 28,
      "10": 2,
      "11": 0,
      "12": 0,
      "13": 0,
      "14": 0,
      "15": 0,
      "16": 0,
      "17": 0,
      "18": 0,
      "19": 0
    },
    "f": {
      "0": 0,
      "1": 0,
      "2": 2,
      "3": 0
    },
    "b": {
      "0": [
        0,
        0
      ],
      "1": [
        28,
        28
      ],
      "2": [
        28,
        28
      ],
      "3": [
        0,
        0
      ]
    },
    "_coverageSchema": "43e27e138ebf9cfc5966b082cf9a028302ed4184",
    "hash": "2be7688f76bcf5b16c482794a7624da149c8ba99"
  },
  "C:\\Users\\Myself\\Documents\\GitHub\\binnacle-api-react\\src\\api\\OAuthAPI.ts": {
    "path": "C:\\Users\\Myself\\Documents\\GitHub\\binnacle-api-react\\src\\api\\OAuthAPI.ts",
    "statementMap": {
      "0": {
        "start": {
          "line": 6,
          "column": 31
        },
        "end": {
          "line": 9,
          "column": 1
        }
      },
      "1": {
        "start": {
          "line": 11,
          "column": 26
        },
        "end": {
          "line": 13,
          "column": 1
        }
      },
      "2": {
        "start": {
          "line": 15,
          "column": 21
        },
        "end": {
          "line": 32,
          "column": 1
        }
      },
      "3": {
        "start": {
          "line": 16,
          "column": 23
        },
        "end": {
          "line": 16,
          "column": 44
        }
      },
      "4": {
        "start": {
          "line": 17,
          "column": 2
        },
        "end": {
          "line": 17,
          "column": 44
        }
      },
      "5": {
        "start": {
          "line": 18,
          "column": 2
        },
        "end": {
          "line": 18,
          "column": 40
        }
      },
      "6": {
        "start": {
          "line": 19,
          "column": 2
        },
        "end": {
          "line": 19,
          "column": 40
        }
      },
      "7": {
        "start": {
          "line": 21,
          "column": 19
        },
        "end": {
          "line": 28,
          "column": 19
        }
      },
      "8": {
        "start": {
          "line": 30,
          "column": 2
        },
        "end": {
          "line": 30,
          "column": 73
        }
      },
      "9": {
        "start": {
          "line": 31,
          "column": 2
        },
        "end": {
          "line": 31,
          "column": 17
        }
      },
      "10": {
        "start": {
          "line": 34,
          "column": 28
        },
        "end": {
          "line": 49,
          "column": 1
        }
      },
      "11": {
        "start": {
          "line": 35,
          "column": 19
        },
        "end": {
          "line": 45,
          "column": 19
        }
      },
      "12": {
        "start": {
          "line": 47,
          "column": 2
        },
        "end": {
          "line": 47,
          "column": 73
        }
      },
      "13": {
        "start": {
          "line": 48,
          "column": 2
        },
        "end": {
          "line": 48,
          "column": 17
        }
      }
    },
    "fnMap": {
      "0": {
        "name": "(anonymous_0)",
        "decl": {
          "start": {
            "line": 15,
            "column": 21
          },
          "end": {
            "line": 15,
            "column": 22
          }
        },
        "loc": {
          "start": {
            "line": 15,
            "column": 67
          },
          "end": {
            "line": 32,
            "column": 1
          }
        },
        "line": 15
      },
      "1": {
        "name": "(anonymous_1)",
        "decl": {
          "start": {
            "line": 34,
            "column": 28
          },
          "end": {
            "line": 34,
            "column": 29
          }
        },
        "loc": {
          "start": {
            "line": 34,
            "column": 40
          },
          "end": {
            "line": 49,
            "column": 1
          }
        },
        "line": 34
      }
    },
    "branchMap": {},
    "s": {
      "0": 28,
      "1": 28,
      "2": 28,
      "3": 0,
      "4": 0,
      "5": 0,
      "6": 0,
      "7": 0,
      "8": 0,
      "9": 0,
      "10": 28,
      "11": 0,
      "12": 0,
      "13": 0
    },
    "f": {
      "0": 0,
      "1": 0
    },
    "b": {},
    "_coverageSchema": "43e27e138ebf9cfc5966b082cf9a028302ed4184",
    "hash": "43f73f53c27aecde33855f574a6b5539f5828885"
  },
  "C:\\Users\\Myself\\Documents\\GitHub\\binnacle-api-react\\src\\api\\endpoints.ts": {
    "path": "C:\\Users\\Myself\\Documents\\GitHub\\binnacle-api-react\\src\\api\\endpoints.ts",
    "statementMap": {
      "0": {
        "start": {
          "line": 1,
          "column": 24
        },
        "end": {
          "line": 1,
          "column": 30
        }
      },
      "1": {
        "start": {
          "line": 2,
          "column": 19
        },
        "end": {
          "line": 4,
          "column": 1
        }
      },
      "2": {
        "start": {
          "line": 3,
          "column": 2
        },
        "end": {
          "line": 3,
          "column": 35
        }
      },
      "3": {
        "start": {
          "line": 6,
          "column": 18
        },
        "end": {
          "line": 16,
          "column": 1
        }
      }
    },
    "fnMap": {
      "0": {
        "name": "(anonymous_0)",
        "decl": {
          "start": {
            "line": 2,
            "column": 19
          },
          "end": {
            "line": 2,
            "column": 20
          }
        },
        "loc": {
          "start": {
            "line": 2,
            "column": 41
          },
          "end": {
            "line": 4,
            "column": 1
          }
        },
        "line": 2
      }
    },
    "branchMap": {},
    "s": {
      "0": 28,
      "1": 28,
      "2": 224,
      "3": 28
    },
    "f": {
      "0": 224
    },
    "b": {},
    "_coverageSchema": "43e27e138ebf9cfc5966b082cf9a028302ed4184",
    "hash": "6222bb137f36d1b2c36e473c4b68003d3abd902e"
  },
  "C:\\Users\\Myself\\Documents\\GitHub\\binnacle-api-react\\src\\api\\vacation\\updateVacationPeriod.ts": {
    "path": "C:\\Users\\Myself\\Documents\\GitHub\\binnacle-api-react\\src\\api\\vacation\\updateVacationPeriod.ts",
    "statementMap": {
      "0": {
        "start": {
          "line": 6,
          "column": 2
        },
        "end": {
          "line": 6,
          "column": 59
        }
      }
    },
    "fnMap": {
      "0": {
        "name": "updateVacationPeriod",
        "decl": {
          "start": {
            "line": 5,
            "column": 30
          },
          "end": {
            "line": 5,
            "column": 50
          }
        },
        "loc": {
          "start": {
            "line": 5,
            "column": 84
          },
          "end": {
            "line": 7,
            "column": 1
          }
        },
        "line": 5
      }
    },
    "branchMap": {},
    "s": {
      "0": 0
    },
    "f": {
      "0": 0
    },
    "b": {},
    "_coverageSchema": "43e27e138ebf9cfc5966b082cf9a028302ed4184",
    "hash": "fe874fd287de53ed0281fd3bc91f1a38de205f4a"
  },
  "C:\\Users\\Myself\\Documents\\GitHub\\binnacle-api-react\\src\\services\\dayjs.ts": {
    "path": "C:\\Users\\Myself\\Documents\\GitHub\\binnacle-api-react\\src\\services\\dayjs.ts",
    "statementMap": {
      "0": {
        "start": {
          "line": 5,
          "column": 0
        },
        "end": {
          "line": 5,
          "column": 34
        }
      },
      "1": {
        "start": {
          "line": 6,
          "column": 0
        },
        "end": {
          "line": 6,
          "column": 24
        }
      },
      "2": {
        "start": {
          "line": 11,
          "column": 14
        },
        "end": {
          "line": 11,
          "column": 30
        }
      },
      "3": {
        "start": {
          "line": 40,
          "column": 27
        },
        "end": {
          "line": 40,
          "column": 39
        }
      }
    },
    "fnMap": {},
    "branchMap": {},
    "s": {
      "0": 26,
      "1": 26,
      "2": 26,
      "3": 26
    },
    "f": {},
    "b": {},
    "_coverageSchema": "43e27e138ebf9cfc5966b082cf9a028302ed4184",
    "hash": "822a72a84f3218f9d14ccf82a8c987859a587a7a"
  },
  "C:\\Users\\Myself\\Documents\\GitHub\\binnacle-api-react\\src\\core\\features\\BinnacleResourcesProvider.tsx": {
    "path": "C:\\Users\\Myself\\Documents\\GitHub\\binnacle-api-react\\src\\core\\features\\BinnacleResourcesProvider.tsx",
    "statementMap": {
      "0": {
        "start": {
          "line": 31,
          "column": 40
        },
        "end": {
          "line": 31,
          "column": 74
        }
      },
      "1": {
        "start": {
          "line": 33,
          "column": 20
        },
        "end": {
          "line": 33,
          "column": 30
        }
      },
      "2": {
        "start": {
          "line": 35,
          "column": 51
        },
        "end": {
          "line": 92,
          "column": 1
        }
      },
      "3": {
        "start": {
          "line": 36,
          "column": 44
        },
        "end": {
          "line": 36,
          "column": 65
        }
      },
      "4": {
        "start": {
          "line": 37,
          "column": 48
        },
        "end": {
          "line": 37,
          "column": 85
        }
      },
      "5": {
        "start": {
          "line": 38,
          "column": 41
        },
        "end": {
          "line": 42,
          "column": 3
        }
      },
      "6": {
        "start": {
          "line": 43,
          "column": 41
        },
        "end": {
          "line": 46,
          "column": 3
        }
      },
      "7": {
        "start": {
          "line": 47,
          "column": 46
        },
        "end": {
          "line": 50,
          "column": 3
        }
      },
      "8": {
        "start": {
          "line": 52,
          "column": 34
        },
        "end": {
          "line": 60,
          "column": 3
        }
      },
      "9": {
        "start": {
          "line": 54,
          "column": 4
        },
        "end": {
          "line": 54,
          "column": 68
        }
      },
      "10": {
        "start": {
          "line": 55,
          "column": 4
        },
        "end": {
          "line": 55,
          "column": 67
        }
      },
      "11": {
        "start": {
          "line": 57,
          "column": 4
        },
        "end": {
          "line": 57,
          "column": 52
        }
      },
      "12": {
        "start": {
          "line": 58,
          "column": 4
        },
        "end": {
          "line": 58,
          "column": 34
        }
      },
      "13": {
        "start": {
          "line": 59,
          "column": 4
        },
        "end": {
          "line": 59,
          "column": 32
        }
      },
      "14": {
        "start": {
          "line": 62,
          "column": 22
        },
        "end": {
          "line": 69,
          "column": 3
        }
      },
      "15": {
        "start": {
          "line": 63,
          "column": 4
        },
        "end": {
          "line": 63,
          "column": 42
        }
      },
      "16": {
        "start": {
          "line": 64,
          "column": 4
        },
        "end": {
          "line": 64,
          "column": 29
        }
      },
      "17": {
        "start": {
          "line": 65,
          "column": 4
        },
        "end": {
          "line": 65,
          "column": 27
        }
      },
      "18": {
        "start": {
          "line": 67,
          "column": 4
        },
        "end": {
          "line": 67,
          "column": 34
        }
      },
      "19": {
        "start": {
          "line": 68,
          "column": 4
        },
        "end": {
          "line": 68,
          "column": 30
        }
      },
      "20": {
        "start": {
          "line": 71,
          "column": 28
        },
        "end": {
          "line": 74,
          "column": 3
        }
      },
      "21": {
        "start": {
          "line": 72,
          "column": 4
        },
        "end": {
          "line": 72,
          "column": 28
        }
      },
      "22": {
        "start": {
          "line": 73,
          "column": 4
        },
        "end": {
          "line": 73,
          "column": 41
        }
      },
      "23": {
        "start": {
          "line": 76,
          "column": 2
        },
        "end": {
          "line": 91,
          "column": 3
        }
      },
      "24": {
        "start": {
          "line": 94,
          "column": 36
        },
        "end": {
          "line": 96,
          "column": 1
        }
      },
      "25": {
        "start": {
          "line": 95,
          "column": 2
        },
        "end": {
          "line": 95,
          "column": 45
        }
      }
    },
    "fnMap": {
      "0": {
        "name": "(anonymous_0)",
        "decl": {
          "start": {
            "line": 35,
            "column": 51
          },
          "end": {
            "line": 35,
            "column": 52
          }
        },
        "loc": {
          "start": {
            "line": 35,
            "column": 69
          },
          "end": {
            "line": 92,
            "column": 1
          }
        },
        "line": 35
      },
      "1": {
        "name": "(anonymous_1)",
        "decl": {
          "start": {
            "line": 52,
            "column": 34
          },
          "end": {
            "line": 52,
            "column": 35
          }
        },
        "loc": {
          "start": {
            "line": 52,
            "column": 40
          },
          "end": {
            "line": 60,
            "column": 3
          }
        },
        "line": 52
      },
      "2": {
        "name": "(anonymous_2)",
        "decl": {
          "start": {
            "line": 62,
            "column": 22
          },
          "end": {
            "line": 62,
            "column": 23
          }
        },
        "loc": {
          "start": {
            "line": 62,
            "column": 42
          },
          "end": {
            "line": 69,
            "column": 3
          }
        },
        "line": 62
      },
      "3": {
        "name": "(anonymous_3)",
        "decl": {
          "start": {
            "line": 71,
            "column": 28
          },
          "end": {
            "line": 71,
            "column": 29
          }
        },
        "loc": {
          "start": {
            "line": 71,
            "column": 55
          },
          "end": {
            "line": 74,
            "column": 3
          }
        },
        "line": 71
      },
      "4": {
        "name": "(anonymous_4)",
        "decl": {
          "start": {
            "line": 94,
            "column": 36
          },
          "end": {
            "line": 94,
            "column": 37
          }
        },
        "loc": {
          "start": {
            "line": 94,
            "column": 42
          },
          "end": {
            "line": 96,
            "column": 1
          }
        },
        "line": 94
      }
    },
    "branchMap": {},
    "s": {
      "0": 2,
      "1": 2,
      "2": 2,
      "3": 0,
      "4": 0,
      "5": 0,
      "6": 0,
      "7": 0,
      "8": 0,
      "9": 0,
      "10": 0,
      "11": 0,
      "12": 0,
      "13": 0,
      "14": 0,
      "15": 0,
      "16": 0,
      "17": 0,
      "18": 0,
      "19": 0,
      "20": 0,
      "21": 0,
      "22": 0,
      "23": 0,
      "24": 2,
      "25": 4
    },
    "f": {
      "0": 0,
      "1": 0,
      "2": 0,
      "3": 0,
      "4": 4
    },
    "b": {},
    "_coverageSchema": "43e27e138ebf9cfc5966b082cf9a028302ed4184",
    "hash": "69568e5731ae9da5fe5fb5c13489dacb67d0da32"
  },
  "C:\\Users\\Myself\\Documents\\GitHub\\binnacle-api-react\\src\\services\\BinnacleResourcesService.ts": {
    "path": "C:\\Users\\Myself\\Documents\\GitHub\\binnacle-api-react\\src\\services\\BinnacleResourcesService.ts",
    "statementMap": {
      "0": {
        "start": {
          "line": 14,
          "column": 28
        },
        "end": {
          "line": 17,
          "column": 1
        }
      },
      "1": {
        "start": {
          "line": 15,
          "column": 22
        },
        "end": {
          "line": 15,
          "column": 73
        }
      },
      "2": {
        "start": {
          "line": 16,
          "column": 2
        },
        "end": {
          "line": 16,
          "column": 56
        }
      },
      "3": {
        "start": {
          "line": 20,
          "column": 21
        },
        "end": {
          "line": 27,
          "column": 3
        }
      },
      "4": {
        "start": {
          "line": 22,
          "column": 6
        },
        "end": {
          "line": 24,
          "column": 41
        }
      },
      "5": {
        "start": {
          "line": 26,
          "column": 4
        },
        "end": {
          "line": 26,
          "column": 24
        }
      },
      "6": {
        "start": {
          "line": 30,
          "column": 22
        },
        "end": {
          "line": 30,
          "column": 41
        }
      },
      "7": {
        "start": {
          "line": 31,
          "column": 20
        },
        "end": {
          "line": 31,
          "column": 37
        }
      },
      "8": {
        "start": {
          "line": 33,
          "column": 17
        },
        "end": {
          "line": 33,
          "column": 70
        }
      },
      "9": {
        "start": {
          "line": 35,
          "column": 4
        },
        "end": {
          "line": 35,
          "column": 43
        }
      },
      "10": {
        "start": {
          "line": 39,
          "column": 21
        },
        "end": {
          "line": 42,
          "column": 5
        }
      },
      "11": {
        "start": {
          "line": 44,
          "column": 29
        },
        "end": {
          "line": 48,
          "column": 5
        }
      },
      "12": {
        "start": {
          "line": 46,
          "column": 8
        },
        "end": {
          "line": 46,
          "column": 52
        }
      },
      "13": {
        "start": {
          "line": 50,
          "column": 27
        },
        "end": {
          "line": 56,
          "column": 5
        }
      },
      "14": {
        "start": {
          "line": 51,
          "column": 36
        },
        "end": {
          "line": 55,
          "column": 7
        }
      },
      "15": {
        "start": {
          "line": 58,
          "column": 4
        },
        "end": {
          "line": 58,
          "column": 25
        }
      },
      "16": {
        "start": {
          "line": 62,
          "column": 32
        },
        "end": {
          "line": 62,
          "column": 65
        }
      },
      "17": {
        "start": {
          "line": 63,
          "column": 30
        },
        "end": {
          "line": 63,
          "column": 61
        }
      },
      "18": {
        "start": {
          "line": 65,
          "column": 21
        },
        "end": {
          "line": 68,
          "column": 5
        }
      },
      "19": {
        "start": {
          "line": 70,
          "column": 4
        },
        "end": {
          "line": 75,
          "column": 5
        }
      },
      "20": {
        "start": {
          "line": 73,
          "column": 21
        },
        "end": {
          "line": 73,
          "column": 65
        }
      },
      "21": {
        "start": {
          "line": 79,
          "column": 32
        },
        "end": {
          "line": 79,
          "column": 65
        }
      },
      "22": {
        "start": {
          "line": 80,
          "column": 30
        },
        "end": {
          "line": 80,
          "column": 61
        }
      },
      "23": {
        "start": {
          "line": 83,
          "column": 6
        },
        "end": {
          "line": 84,
          "column": 72
        }
      },
      "24": {
        "start": {
          "line": 86,
          "column": 38
        },
        "end": {
          "line": 89,
          "column": 6
        }
      },
      "25": {
        "start": {
          "line": 91,
          "column": 4
        },
        "end": {
          "line": 94,
          "column": 5
        }
      },
      "26": {
        "start": {
          "line": 98,
          "column": 40
        },
        "end": {
          "line": 98,
          "column": 61
        }
      }
    },
    "fnMap": {
      "0": {
        "name": "(anonymous_0)",
        "decl": {
          "start": {
            "line": 14,
            "column": 28
          },
          "end": {
            "line": 14,
            "column": 29
          }
        },
        "loc": {
          "start": {
            "line": 14,
            "column": 45
          },
          "end": {
            "line": 17,
            "column": 1
          }
        },
        "line": 14
      },
      "1": {
        "name": "(anonymous_1)",
        "decl": {
          "start": {
            "line": 20,
            "column": 21
          },
          "end": {
            "line": 20,
            "column": 22
          }
        },
        "loc": {
          "start": {
            "line": 20,
            "column": 74
          },
          "end": {
            "line": 27,
            "column": 3
          }
        },
        "line": 20
      },
      "2": {
        "name": "(anonymous_2)",
        "decl": {
          "start": {
            "line": 29,
            "column": 2
          },
          "end": {
            "line": 29,
            "column": 3
          }
        },
        "loc": {
          "start": {
            "line": 29,
            "column": 65
          },
          "end": {
            "line": 36,
            "column": 3
          }
        },
        "line": 29
      },
      "3": {
        "name": "(anonymous_3)",
        "decl": {
          "start": {
            "line": 38,
            "column": 2
          },
          "end": {
            "line": 38,
            "column": 3
          }
        },
        "loc": {
          "start": {
            "line": 38,
            "column": 41
          },
          "end": {
            "line": 59,
            "column": 3
          }
        },
        "line": 38
      },
      "4": {
        "name": "(anonymous_4)",
        "decl": {
          "start": {
            "line": 45,
            "column": 38
          },
          "end": {
            "line": 45,
            "column": 39
          }
        },
        "loc": {
          "start": {
            "line": 46,
            "column": 8
          },
          "end": {
            "line": 46,
            "column": 52
          }
        },
        "line": 46
      },
      "5": {
        "name": "(anonymous_5)",
        "decl": {
          "start": {
            "line": 51,
            "column": 6
          },
          "end": {
            "line": 51,
            "column": 7
          }
        },
        "loc": {
          "start": {
            "line": 51,
            "column": 36
          },
          "end": {
            "line": 55,
            "column": 7
          }
        },
        "line": 51
      },
      "6": {
        "name": "(anonymous_6)",
        "decl": {
          "start": {
            "line": 61,
            "column": 2
          },
          "end": {
            "line": 61,
            "column": 3
          }
        },
        "loc": {
          "start": {
            "line": 61,
            "column": 55
          },
          "end": {
            "line": 76,
            "column": 3
          }
        },
        "line": 61
      },
      "7": {
        "name": "(anonymous_7)",
        "decl": {
          "start": {
            "line": 73,
            "column": 8
          },
          "end": {
            "line": 73,
            "column": 9
          }
        },
        "loc": {
          "start": {
            "line": 73,
            "column": 21
          },
          "end": {
            "line": 73,
            "column": 65
          }
        },
        "line": 73
      },
      "8": {
        "name": "(anonymous_8)",
        "decl": {
          "start": {
            "line": 78,
            "column": 2
          },
          "end": {
            "line": 78,
            "column": 3
          }
        },
        "loc": {
          "start": {
            "line": 78,
            "column": 37
          },
          "end": {
            "line": 95,
            "column": 3
          }
        },
        "line": 78
      }
    },
    "branchMap": {
      "0": {
        "loc": {
          "start": {
            "line": 22,
            "column": 6
          },
          "end": {
            "line": 24,
            "column": 41
          }
        },
        "type": "cond-expr",
        "locations": [
          {
            "start": {
              "line": 23,
              "column": 10
            },
            "end": {
              "line": 23,
              "column": 42
            }
          },
          {
            "start": {
              "line": 24,
              "column": 10
            },
            "end": {
              "line": 24,
              "column": 41
            }
          }
        ],
        "line": 22
      },
      "1": {
        "loc": {
          "start": {
            "line": 83,
            "column": 6
          },
          "end": {
            "line": 84,
            "column": 72
          }
        },
        "type": "binary-expr",
        "locations": [
          {
            "start": {
              "line": 83,
              "column": 6
            },
            "end": {
              "line": 83,
              "column": 33
            }
          },
          {
            "start": {
              "line": 84,
              "column": 6
            },
            "end": {
              "line": 84,
              "column": 72
            }
          }
        ],
        "line": 83
      },
      "2": {
        "loc": {
          "start": {
            "line": 88,
            "column": 6
          },
          "end": {
            "line": 88,
            "column": 60
          }
        },
        "type": "cond-expr",
        "locations": [
          {
            "start": {
              "line": 88,
              "column": 30
            },
            "end": {
              "line": 88,
              "column": 48
            }
          },
          {
            "start": {
              "line": 88,
              "column": 51
            },
            "end": {
              "line": 88,
              "column": 60
            }
          }
        ],
        "line": 88
      }
    },
    "s": {
      "0": 2,
      "1": 0,
      "2": 0,
      "3": 2,
      "4": 0,
      "5": 0,
      "6": 0,
      "7": 0,
      "8": 0,
      "9": 0,
      "10": 0,
      "11": 0,
      "12": 0,
      "13": 0,
      "14": 0,
      "15": 0,
      "16": 0,
      "17": 0,
      "18": 0,
      "19": 0,
      "20": 0,
      "21": 0,
      "22": 0,
      "23": 0,
      "24": 0,
      "25": 0,
      "26": 2
    },
    "f": {
      "0": 0,
      "1": 0,
      "2": 0,
      "3": 0,
      "4": 0,
      "5": 0,
      "6": 0,
      "7": 0,
      "8": 0
    },
    "b": {
      "0": [
        0,
        0
      ],
      "1": [
        0,
        0
      ],
      "2": [
        0,
        0
      ]
    },
    "_coverageSchema": "43e27e138ebf9cfc5966b082cf9a028302ed4184",
    "hash": "b227b10fc53c98923504840e7abacc917a1c1846"
  },
  "C:\\Users\\Myself\\Documents\\GitHub\\binnacle-api-react\\src\\utils\\DateUtils.ts": {
    "path": "C:\\Users\\Myself\\Documents\\GitHub\\binnacle-api-react\\src\\utils\\DateUtils.ts",
    "statementMap": {
      "0": {
        "start": {
          "line": 16,
          "column": 34
        },
        "end": {
          "line": 16,
          "column": 76
        }
      },
      "1": {
        "start": {
          "line": 16,
          "column": 50
        },
        "end": {
          "line": 16,
          "column": 76
        }
      },
      "2": {
        "start": {
          "line": 18,
          "column": 42
        },
        "end": {
          "line": 20,
          "column": 1
        }
      },
      "3": {
        "start": {
          "line": 19,
          "column": 2
        },
        "end": {
          "line": 19,
          "column": 62
        }
      },
      "4": {
        "start": {
          "line": 22,
          "column": 40
        },
        "end": {
          "line": 24,
          "column": 1
        }
      },
      "5": {
        "start": {
          "line": 23,
          "column": 2
        },
        "end": {
          "line": 23,
          "column": 58
        }
      },
      "6": {
        "start": {
          "line": 26,
          "column": 39
        },
        "end": {
          "line": 31,
          "column": 1
        }
      },
      "7": {
        "start": {
          "line": 27,
          "column": 2
        },
        "end": {
          "line": 30,
          "column": 4
        }
      },
      "8": {
        "start": {
          "line": 33,
          "column": 29
        },
        "end": {
          "line": 38,
          "column": 1
        }
      },
      "9": {
        "start": {
          "line": 34,
          "column": 2
        },
        "end": {
          "line": 37,
          "column": 4
        }
      },
      "10": {
        "start": {
          "line": 39,
          "column": 31
        },
        "end": {
          "line": 41,
          "column": 1
        }
      },
      "11": {
        "start": {
          "line": 40,
          "column": 2
        },
        "end": {
          "line": 40,
          "column": 26
        }
      },
      "12": {
        "start": {
          "line": 42,
          "column": 27
        },
        "end": {
          "line": 44,
          "column": 1
        }
      },
      "13": {
        "start": {
          "line": 43,
          "column": 2
        },
        "end": {
          "line": 43,
          "column": 26
        }
      },
      "14": {
        "start": {
          "line": 46,
          "column": 33
        },
        "end": {
          "line": 51,
          "column": 1
        }
      },
      "15": {
        "start": {
          "line": 47,
          "column": 20
        },
        "end": {
          "line": 47,
          "column": 50
        }
      },
      "16": {
        "start": {
          "line": 48,
          "column": 17
        },
        "end": {
          "line": 48,
          "column": 43
        }
      },
      "17": {
        "start": {
          "line": 49,
          "column": 21
        },
        "end": {
          "line": 49,
          "column": 59
        }
      },
      "18": {
        "start": {
          "line": 50,
          "column": 2
        },
        "end": {
          "line": 50,
          "column": 45
        }
      },
      "19": {
        "start": {
          "line": 53,
          "column": 19
        },
        "end": {
          "line": 64,
          "column": 1
        }
      },
      "20": {
        "start": {
          "line": 54,
          "column": 15
        },
        "end": {
          "line": 54,
          "column": 35
        }
      },
      "21": {
        "start": {
          "line": 56,
          "column": 2
        },
        "end": {
          "line": 63,
          "column": 3
        }
      },
      "22": {
        "start": {
          "line": 66,
          "column": 26
        },
        "end": {
          "line": 68,
          "column": 1
        }
      },
      "23": {
        "start": {
          "line": 67,
          "column": 2
        },
        "end": {
          "line": 67,
          "column": 57
        }
      },
      "24": {
        "start": {
          "line": 70,
          "column": 31
        },
        "end": {
          "line": 76,
          "column": 1
        }
      },
      "25": {
        "start": {
          "line": 71,
          "column": 20
        },
        "end": {
          "line": 71,
          "column": 50
        }
      },
      "26": {
        "start": {
          "line": 72,
          "column": 2
        },
        "end": {
          "line": 74,
          "column": 3
        }
      },
      "27": {
        "start": {
          "line": 73,
          "column": 4
        },
        "end": {
          "line": 73,
          "column": 60
        }
      },
      "28": {
        "start": {
          "line": 75,
          "column": 2
        },
        "end": {
          "line": 75,
          "column": 58
        }
      },
      "29": {
        "start": {
          "line": 77,
          "column": 31
        },
        "end": {
          "line": 80,
          "column": 68
        }
      },
      "30": {
        "start": {
          "line": 80,
          "column": 5
        },
        "end": {
          "line": 80,
          "column": 68
        }
      },
      "31": {
        "start": {
          "line": 80,
          "column": 38
        },
        "end": {
          "line": 80,
          "column": 67
        }
      },
      "32": {
        "start": {
          "line": 82,
          "column": 32
        },
        "end": {
          "line": 86,
          "column": 85
        }
      },
      "33": {
        "start": {
          "line": 86,
          "column": 2
        },
        "end": {
          "line": 86,
          "column": 85
        }
      },
      "34": {
        "start": {
          "line": 86,
          "column": 36
        },
        "end": {
          "line": 86,
          "column": 84
        }
      },
      "35": {
        "start": {
          "line": 86,
          "column": 63
        },
        "end": {
          "line": 86,
          "column": 83
        }
      }
    },
    "fnMap": {
      "0": {
        "name": "(anonymous_0)",
        "decl": {
          "start": {
            "line": 16,
            "column": 34
          },
          "end": {
            "line": 16,
            "column": 35
          }
        },
        "loc": {
          "start": {
            "line": 16,
            "column": 50
          },
          "end": {
            "line": 16,
            "column": 76
          }
        },
        "line": 16
      },
      "1": {
        "name": "(anonymous_1)",
        "decl": {
          "start": {
            "line": 18,
            "column": 42
          },
          "end": {
            "line": 18,
            "column": 43
          }
        },
        "loc": {
          "start": {
            "line": 18,
            "column": 59
          },
          "end": {
[...]
          "end": {
            "line": 27,
            "column": 25
          }
        },
        "loc": {
          "start": {
            "line": 27,
            "column": 43
          },
          "end": {
            "line": 31,
            "column": 1
          }
        },
        "line": 27
      },
      "2": {
        "name": "TableRow",
        "decl": {
          "start": {
            "line": 38,
            "column": 16
          },
          "end": {
            "line": 38,
            "column": 24
          }
        },
        "loc": {
          "start": {
            "line": 38,
            "column": 42
          },
          "end": {
            "line": 42,
            "column": 1
          }
        },
        "line": 38
      },
      "3": {
        "name": "TableHeader",
        "decl": {
          "start": {
            "line": 48,
            "column": 16
          },
          "end": {
            "line": 48,
            "column": 27
          }
        },
        "loc": {
          "start": {
            "line": 48,
            "column": 45
          },
          "end": {
            "line": 71,
            "column": 1
          }
        },
        "line": 48
      },
      "4": {
        "name": "TableBody",
        "decl": {
          "start": {
            "line": 77,
            "column": 16
          },
          "end": {
            "line": 77,
            "column": 25
          }
        },
        "loc": {
          "start": {
            "line": 77,
            "column": 43
          },
          "end": {
            "line": 84,
            "column": 1
          }
        },
        "line": 77
      },
      "5": {
        "name": "TableCell",
        "decl": {
          "start": {
            "line": 90,
            "column": 16
          },
          "end": {
            "line": 90,
            "column": 25
          }
        },
        "loc": {
          "start": {
            "line": 90,
            "column": 43
          },
          "end": {
            "line": 98,
            "column": 1
          }
        },
        "line": 90
      }
    },
    "branchMap": {},
    "s": {
      "0": 79,
      "1": 79,
      "2": 196,
      "3": 474,
      "4": 474,
      "5": 474,
      "6": 474,
      "7": 79,
      "8": 79,
      "9": 592
    },
    "f": {
      "0": 79,
      "1": 79,
      "2": 196,
      "3": 474,
      "4": 79,
      "5": 592
    },
    "b": {},
    "_coverageSchema": "43e27e138ebf9cfc5966b082cf9a028302ed4184",
    "hash": "594341b5bc22a6e733b9e853d12fdb6f6077e3e7"
  },
  "C:\\Users\\Myself\\Documents\\GitHub\\binnacle-api-react\\src\\pages\\vacation\\VacationTable\\VacationStateBadge.tsx": {
    "path": "C:\\Users\\Myself\\Documents\\GitHub\\binnacle-api-react\\src\\pages\\vacation\\VacationTable\\VacationStateBadge.tsx",
    "statementMap": {
      "0": {
        "start": {
          "line": 6,
          "column": 71
        },
        "end": {
          "line": 24,
          "column": 1
        }
      },
      "1": {
        "start": {
          "line": 9,
          "column": 16
        },
        "end": {
          "line": 9,
          "column": 32
        }
      },
      "2": {
        "start": {
          "line": 11,
          "column": 2
        },
        "end": {
          "line": 13,
          "column": 3
        }
      },
      "3": {
        "start": {
          "line": 12,
          "column": 4
        },
        "end": {
          "line": 12,
          "column": 80
        }
      },
      "4": {
        "start": {
          "line": 15,
          "column": 2
        },
        "end": {
          "line": 17,
          "column": 3
        }
      },
      "5": {
        "start": {
          "line": 16,
          "column": 4
        },
        "end": {
          "line": 16,
          "column": 82
        }
      },
      "6": {
        "start": {
          "line": 19,
          "column": 2
        },
        "end": {
          "line": 21,
          "column": 3
        }
      },
      "7": {
        "start": {
          "line": 20,
          "column": 4
        },
        "end": {
          "line": 20,
          "column": 80
        }
      },
      "8": {
        "start": {
          "line": 23,
          "column": 2
        },
        "end": {
          "line": 23,
          "column": 13
        }
      }
    },
    "fnMap": {
      "0": {
        "name": "(anonymous_0)",
        "decl": {
          "start": {
            "line": 6,
            "column": 71
          },
          "end": {
            "line": 6,
            "column": 72
          }
        },
        "loc": {
          "start": {
            "line": 8,
            "column": 6
          },
          "end": {
            "line": 24,
            "column": 1
          }
        },
        "line": 8
      }
    },
    "branchMap": {
      "0": {
        "loc": {
          "start": {
            "line": 11,
            "column": 2
          },
          "end": {
            "line": 13,
            "column": 3
          }
        },
        "type": "if",
        "locations": [
          {
            "start": {
              "line": 11,
              "column": 2
            },
            "end": {
              "line": 13,
              "column": 3
            }
          },
          {
            "start": {
              "line": 11,
              "column": 2
            },
            "end": {
              "line": 13,
              "column": 3
            }
          }
        ],
        "line": 11
      },
      "1": {
        "loc": {
          "start": {
            "line": 15,
            "column": 2
          },
          "end": {
            "line": 17,
            "column": 3
          }
        },
        "type": "if",
        "locations": [
          {
            "start": {
              "line": 15,
              "column": 2
            },
            "end": {
              "line": 17,
              "column": 3
            }
          },
          {
            "start": {
              "line": 15,
              "column": 2
            },
            "end": {
              "line": 17,
              "column": 3
            }
          }
        ],
        "line": 15
      },
      "2": {
        "loc": {
          "start": {
            "line": 19,
            "column": 2
          },
          "end": {
            "line": 21,
            "column": 3
          }
        },
        "type": "if",
        "locations": [
          {
            "start": {
              "line": 19,
              "column": 2
            },
            "end": {
              "line": 21,
              "column": 3
            }
          },
          {
            "start": {
              "line": 19,
              "column": 2
            },
            "end": {
              "line": 21,
              "column": 3
            }
          }
        ],
        "line": 19
      }
    },
    "s": {
      "0": 12,
      "1": 119,
      "2": 119,
      "3": 24,
      "4": 95,
      "5": 71,
      "6": 24,
      "7": 24,
      "8": 0
    },
    "f": {
      "0": 119
    },
    "b": {
      "0": [
        24,
        95
      ],
      "1": [
        71,
        24
      ],
      "2": [
        24,
        0
      ]
    },
    "_coverageSchema": "43e27e138ebf9cfc5966b082cf9a028302ed4184",
    "hash": "847c43bbbc0796570323a1ab8fef17ffb6bd2aa8"
  },
  "C:\\Users\\Myself\\Documents\\GitHub\\binnacle-api-react\\src\\pages\\vacation\\VacationTable\\RemoveVacationButton.tsx": {
    "path": "C:\\Users\\Myself\\Documents\\GitHub\\binnacle-api-react\\src\\pages\\vacation\\VacationTable\\RemoveVacationButton.tsx",
    "statementMap": {
      "0": {
        "start": {
          "line": 23,
          "column": 53
        },
        "end": {
          "line": 80,
          "column": 1
        }
      },
      "1": {
        "start": {
          "line": 24,
          "column": 16
        },
        "end": {
          "line": 24,
          "column": 32
        }
      },
      "2": {
        "start": {
          "line": 25,
          "column": 39
        },
        "end": {
          "line": 25,
          "column": 69
        }
      },
      "3": {
        "start": {
          "line": 26,
          "column": 30
        },
        "end": {
          "line": 26,
          "column": 51
        }
      },
      "4": {
        "start": {
          "line": 27,
          "column": 18
        },
        "end": {
          "line": 27,
          "column": 40
        }
      },
      "5": {
        "start": {
          "line": 27,
          "column": 24
        },
        "end": {
          "line": 27,
          "column": 40
        }
      },
      "6": {
        "start": {
          "line": 28,
          "column": 20
        },
        "end": {
          "line": 28,
          "column": 52
        }
      },
      "7": {
        "start": {
          "line": 30,
          "column": 38
        },
        "end": {
          "line": 30,
          "column": 53
        }
      },
      "8": {
        "start": {
          "line": 32,
          "column": 23
        },
        "end": {
          "line": 40,
          "column": 3
        }
      },
      "9": {
        "start": {
          "line": 33,
          "column": 4
        },
        "end": {
          "line": 33,
          "column": 23
        }
      },
      "10": {
        "start": {
          "line": 34,
          "column": 4
        },
        "end": {
          "line": 34,
          "column": 56
        }
      },
      "11": {
        "start": {
          "line": 35,
          "column": 4
        },
        "end": {
          "line": 35,
          "column": 24
        }
      },
      "12": {
        "start": {
          "line": 37,
          "column": 4
        },
        "end": {
          "line": 39,
          "column": 6
        }
      },
      "13": {
        "start": {
          "line": 38,
          "column": 6
        },
        "end": {
          "line": 38,
          "column": 73
        }
      },
      "14": {
        "start": {
          "line": 42,
          "column": 2
        },
        "end": {
          "line": 79,
          "column": 3
        }
      },
      "15": {
        "start": {
          "line": 48,
          "column": 23
        },
        "end": {
          "line": 48,
          "column": 38
        }
      }
    },
    "fnMap": {
      "0": {
        "name": "(anonymous_0)",
        "decl": {
          "start": {
            "line": 23,
            "column": 53
          },
          "end": {
            "line": 23,
            "column": 54
          }
        },
        "loc": {
          "start": {
            "line": 23,
            "column": 64
          },
          "end": {
            "line": 80,
            "column": 1
          }
        },
        "line": 23
      },
      "1": {
        "name": "(anonymous_1)",
        "decl": {
          "start": {
            "line": 27,
            "column": 18
          },
          "end": {
            "line": 27,
            "column": 19
          }
        },
        "loc": {
          "start": {
            "line": 27,
            "column": 24
          },
          "end": {
            "line": 27,
            "column": 40
          }
        },
        "line": 27
      },
      "2": {
        "name": "(anonymous_2)",
        "decl": {
          "start": {
            "line": 32,
            "column": 23
          },
          "end": {
            "line": 32,
            "column": 24
          }
        },
        "loc": {
          "start": {
            "line": 32,
            "column": 35
          },
          "end": {
            "line": 40,
            "column": 3
          }
        },
        "line": 32
      },
      "3": {
        "name": "(anonymous_3)",
        "decl": {
          "start": {
            "line": 37,
            "column": 20
          },
          "end": {
            "line": 37,
            "column": 21
          }
        },
        "loc": {
          "start": {
            "line": 37,
            "column": 26
          },
          "end": {
            "line": 39,
            "column": 5
          }
        },
        "line": 37
      },
      "4": {
        "name": "(anonymous_4)",
        "decl": {
          "start": {
            "line": 48,
            "column": 17
          },
          "end": {
            "line": 48,
            "column": 18
          }
        },
        "loc": {
          "start": {
            "line": 48,
            "column": 23
          },
          "end": {
            "line": 48,
            "column": 38
          }
        },
        "line": 48
      }
    },
    "branchMap": {
      "0": {
        "loc": {
          "start": {
            "line": 69,
            "column": 27
          },
          "end": {
            "line": 69,
            "column": 50
          }
        },
        "type": "binary-expr",
        "locations": [
          {
            "start": {
              "line": 69,
              "column": 27
            },
            "end": {
              "line": 69,
              "column": 37
            }
          },
          {
            "start": {
              "line": 69,
              "column": 41
            },
            "end": {
              "line": 69,
              "column": 50
            }
          }
        ],
        "line": 69
      }
    },
    "s": {
      "0": 12,
      "1": 152,
      "2": 152,
      "3": 152,
      "4": 152,
      "5": 13,
      "6": 152,
      "7": 152,
      "8": 152,
      "9": 11,
      "10": 11,
      "11": 11,
      "12": 11,
      "13": 11,
      "14": 152,
      "15": 24
    },
    "f": {
      "0": 152,
      "1": 13,
      "2": 11,
      "3": 11,
      "4": 24
    },
    "b": {
      "0": [
        152,
        141
      ]
    },
    "_coverageSchema": "43e27e138ebf9cfc5966b082cf9a028302ed4184",
    "hash": "b8de292e6ef0e76de617a5fae4e27e86b0a37a09"
  },
  "C:\\Users\\Myself\\Documents\\GitHub\\binnacle-api-react\\src\\pages\\vacation\\VacationTable\\VacationTable.mobile.tsx": {
    "path": "C:\\Users\\Myself\\Documents\\GitHub\\binnacle-api-react\\src\\pages\\vacation\\VacationTable\\VacationTable.mobile.tsx",
    "statementMap": {
      "0": {
        "start": {
          "line": 32,
          "column": 45
        },
        "end": {
          "line": 101,
          "column": 1
        }
      },
      "1": {
        "start": {
          "line": 33,
          "column": 16
        },
        "end": {
          "line": 33,
          "column": 32
        }
      },
      "2": {
        "start": {
          "line": 34,
          "column": 19
        },
        "end": {
          "line": 34,
          "column": 51
        }
      },
      "3": {
        "start": {
          "line": 36,
          "column": 2
        },
        "end": {
          "line": 100,
          "column": 3
        }
      },
      "4": {
        "start": {
          "line": 58,
          "column": 10
        },
        "end": {
          "line": 96,
          "column": 26
        }
      },
      "5": {
        "start": {
          "line": 84,
          "column": 35
        },
        "end": {
          "line": 84,
          "column": 54
        }
      }
    },
    "fnMap": {
      "0": {
        "name": "(anonymous_0)",
        "decl": {
          "start": {
            "line": 32,
            "column": 45
          },
          "end": {
            "line": 32,
            "column": 46
          }
        },
        "loc": {
          "start": {
            "line": 32,
            "column": 56
          },
          "end": {
            "line": 101,
            "column": 1
          }
        },
        "line": 32
      },
      "1": {
        "name": "(anonymous_1)",
        "decl": {
          "start": {
            "line": 57,
            "column": 22
          },
          "end": {
            "line": 57,
            "column": 23
          }
        },
        "loc": {
          "start": {
            "line": 58,
            "column": 10
          },
          "end": {
            "line": 96,
            "column": 26
          }
        },
        "line": 58
      },
      "2": {
        "name": "(anonymous_2)",
        "decl": {
          "start": {
            "line": 84,
            "column": 29
          },
          "end": {
            "line": 84,
            "column": 30
          }
        },
        "loc": {
          "start": {
            "line": 84,
            "column": 35
          },
          "end": {
            "line": 84,
            "column": 54
          }
        },
        "line": 84
      }
    },
    "branchMap": {
      "0": {
        "loc": {
          "start": {
            "line": 55,
            "column": 7
          },
          "end": {
            "line": 55,
            "column": 66
          }
        },
        "type": "binary-expr",
        "locations": [
          {
            "start": {
              "line": 55,
              "column": 7
            },
            "end": {
              "line": 55,
              "column": 28
            }
          },
          {
            "start": {
              "line": 55,
              "column": 32
            },
            "end": {
              "line": 55,
              "column": 66
            }
          }
        ],
        "line": 55
      },
      "1": {
        "loc": {
          "start": {
            "line": 73,
            "column": 52
          },
          "end": {
            "line": 73,
            "column": 76
          }
        },
        "type": "binary-expr",
        "locations": [
          {
            "start": {
              "line": 73,
              "column": 52
            },
            "end": {
              "line": 73,
              "column": 69
            }
          },
          {
            "start": {
              "line": 73,
              "column": 73
            },
            "end": {
              "line": 73,
              "column": 76
            }
          }
        ],
        "line": 73
      },
      "2": {
        "loc": {
          "start": {
            "line": 76,
            "column": 53
          },
          "end": {
            "line": 76,
            "column": 78
          }
        },
        "type": "binary-expr",
        "locations": [
          {
            "start": {
              "line": 76,
              "column": 53
            },
            "end": {
              "line": 76,
              "column": 71
            }
          },
          {
            "start": {
              "line": 76,
              "column": 75
            },
            "end": {
              "line": 76,
              "column": 78
            }
          }
        ],
        "line": 76
      },
      "3": {
        "loc": {
          "start": {
            "line": 78,
            "column": 15
          },
          "end": {
            "line": 94,
            "column": 15
          }
        },
        "type": "binary-expr",
        "locations": [
          {
            "start": {
              "line": 78,
              "column": 15
            },
            "end": {
              "line": 78,
              "column": 58
            }
          },
          {
            "start": {
              "line": 79,
              "column": 16
            },
            "end": {
              "line": 93,
              "column": 24
            }
          }
        ],
        "line": 78
      }
    },
    "s": {
      "0": 6,
      "1": 20,
      "2": 20,
      "3": 20,
      "4": 24,
      "5": 2
    },
    "f": {
      "0": 20,
      "1": 24,
      "2": 2
    },
    "b": {
      "0": [
        20,
        6
      ],
      "1": [
        24,
        5
      ],
      "2": [
        24,
        5
      ],
      "3": [
        24,
        14
      ]
    },
    "_coverageSchema": "43e27e138ebf9cfc5966b082cf9a028302ed4184",
    "hash": "4e101d3b9661aa1927ea73ae87a73367843e68cf"
  }
}